%%RANGE  1) GPS Time(ms) 2) SVID  3) Pseudorange (m)  4) SVID  5) Pseudorange ...
%%CLOCK  1) GPS Time(ms) 2) ClockBias(nsec) 3) ClkDrift(nsec/sec) 4) TimeAccuracyEstimate(nsec) 5) FreqAccuracyEstimate(ps/s)
Position	489505000	6378137.000000000000	0.000000000000	0.000000000000	649519040	9999	0
Velocity	489505000	0.000000000000	0.000000000000	0.000000000000	1	9999	0
RANGE	24
CARRIER	24
DOPPLER	24.559000000000
CNO	24
Position	489506000	6378137.000000000000	0.000000000000	0.000000000000	649519040	9999	0
Velocity	489506000	0.000000000000	0.000000000000	0.000000000000	158	9999	0
RANGE	25
CARRIER	25
DOPPLER	25.559000000000
CNO	25
Position	489507000	6378137.000000000000	0.000000000000	0.000000000000	649519040	9999	0
Velocity	489507000	0.000000000000	0.000000000000	0.000000000000	224	9999	0
RANGE	26
CARRIER	26
DOPPLER	26.559000000000
CNO	26
Position	489508000	6378137.000000000000	0.000000000000	0.000000000000	649519040	9999	0
Velocity	489508000	0.000000000000	0.000000000000	0.000000000000	274	9999	0
RANGE	27
CARRIER	27
DOPPLER	27.559000000000
CNO	27
Position	489509000	6378137.000000000000	0.000000000000	0.000000000000	649519040	9999	0
Velocity	489509000	0.000000000000	0.000000000000	0.000000000000	316	9999	0
RANGE	28
CARRIER	28
DOPPLER	28.559000000000
CNO	28
Position	489510000	6378137.000000000000	0.000000000000	0.000000000000	649519040	9999	0
Velocity	489510000	0.000000000000	0.000000000000	0.000000000000	354	9999	0
RANGE	29
CARRIER	29
DOPPLER	29.559000000000
CNO	29
Position	489511000	6378137.000000000000	0.000000000000	0.000000000000	649519040	9999	0
Velocity	489511000	0.000000000000	0.000000000000	0.000000000000	387	9999	0
RANGE	30
CARRIER	30
DOPPLER	30.559000000000
CNO	30
Position	489512000	6378137.000000000000	0.000000000000	0.000000000000	649519040	9999	0
Velocity	489512000	0.000000000000	0.000000000000	0.000000000000	418	9999	0
RANGE	31
CARRIER	31
DOPPLER	31.559000000000
CNO	31
Position	489513000	6378137.000000000000	0.000000000000	0.000000000000	649519040	9999	0
Velocity	489513000	0.000000000000	0.000000000000	0.000000000000	447	9999	0
RANGE	32
CARRIER	32
DOPPLER	32.559000000000
CNO	32
Position	489514000	6378137.000000000000	0.000000000000	0.000000000000	649519040	9999	0
Velocity	489514000	0.000000000000	0.000000000000	0.000000000000	474	9999	0
Ephemerides	0	4	-0.000000019557774	489600.000000000000000	0.000052532181144	0.000000000003070	0.000000000000000	0.481009978669586	0.000000005449870	0.009813500801101	5153.691768646240234	2.338742053310291	0.979391265406889	0.911337229298025	-0.000000008024263	-0.000000000622883	-0.000002633780241	0.000009801238775	199.312500000000000	-55.062500000000000	0.000000089406967	-0.000000029802322	489600.000000000000000
RANGE	33
CARRIER	33
DOPPLER	33.558999999999997
CNO	33
Position	489515000	6378137.000000000000	0.000000000000	0.000000000000	649519040	9999	0
Velocity	489515000	0.000000000000	0.000000000000	0.000000000000	500	9999	0
RANGE	34
CARRIER	34
DOPPLER	34.559000000000
CNO	34
Position	489516000	6378137.000000000000	0.000000000000	0.000000000000	649519040	9999	0
Velocity	489516000	0.000000000000	0.000000000000	0.000000000000	524	9999	0
RANGE	35
CARRIER	35
DOPPLER	35.559000000000
CNO	35
Position	489517000	6378137.000000000000	0.000000000000	0.000000000000	649519040	9999	0
Velocity	489517000	0.000000000000	0.000000000000	0.000000000000	548	9999	0
RANGE	36
CARRIER	36
DOPPLER	36.559000000000
CNO	36
Position	489518000	6378137.000000000000	0.000000000000	0.000000000000	649519040	9999	0
Velocity	489518000	0.000000000000	0.000000000000	0.000000000000	570	9999	0
RANGE	37
CARRIER	37
DOPPLER	37.559000000000
CNO	37
Position	489519000	6378137.000000000000	0.000000000000	0.000000000000	649519040	9999	0
Velocity	489519000	0.000000000000	0.000000000000	0.000000000000	592	9999	0
RANGE	38
CARRIER	38
DOPPLER	38.559000000000
CNO	38
Position	489520000	6378137.000000000000	0.000000000000	0.000000000000	649519040	9999	0
Velocity	489520000	0.000000000000	0.000000000000	0.000000000000	612	9999	0
RANGE	39
CARRIER	39
DOPPLER	39.559000000000
CNO	39
Position	489521000	6378137.000000000000	0.000000000000	0.000000000000	649519040	9999	0
Velocity	489521000	0.000000000000	0.000000000000	0.000000000000	632	9999	0
RANGE	40
CARRIER	40
DOPPLER	40.559000000000
CNO	40
Position	489522000	6378137.000000000000	0.000000000000	0.000000000000	649519040	9999	0
Velocity	489522000	0.000000000000	0.000000000000	0.000000000000	652	9999	0
RANGE	41
CARRIER	41
DOPPLER	41.559000000000
CNO	41
Position	489523000	6378137.000000000000	0.000000000000	0.000000000000	649519040	9999	0
Velocity	489523000	0.000000000000	0.000000000000	0.000000000000	671	9999	0
RANGE	42
CARRIER	42
DOPPLER	42.559000000000
CNO	42
Position	489524000	6378137.000000000000	0.000000000000	0.000000000000	649519040	9999	0
Velocity	489524000	0.000000000000	0.000000000000	0.000000000000	689	9999	0
RANGE	43
CARRIER	43
DOPPLER	43.559000000000
CNO	43
Position	489525000	6378137.000000000000	0.000000000000	0.000000000000	649519040	9999	0
Velocity	489525000	0.000000000000	0.000000000000	0.000000000000	707	9999	0
RANGE	44
CARRIER	44
DOPPLER	44.559000000000
CNO	44
Position	489526000	6378137.000000000000	0.000000000000	0.000000000000	649519040	9999	0
Velocity	489526000	0.000000000000	0.000000000000	0.000000000000	725	9999	0
RANGE	45
CARRIER	45
DOPPLER	45.559000000000
CNO	45
Position	489527000	6378137.000000000000	0.000000000000	0.000000000000	649519040	9999	0
Velocity	489527000	0.000000000000	0.000000000000	0.000000000000	742	9999	0
RANGE	46
CARRIER	46
DOPPLER	46.559000000000
CNO	46
Position	489528000	6378137.000000000000	0.000000000000	0.000000000000	649519040	9999	0
Velocity	489528000	0.000000000000	0.000000000000	0.000000000000	758	9999	0
RANGE	47
CARRIER	47
DOPPLER	47.559000000000
CNO	47
Position	489529000	6378137.000000000000	0.000000000000	0.000000000000	649519040	9999	0
Velocity	489529000	0.000000000000	0.000000000000	0.000000000000	775	9999	0
RANGE	48
CARRIER	48
DOPPLER	48.559000000000
CNO	48
Position	489530000	6378137.000000000000	0.000000000000	0.000000000000	649519040	9999	0
Velocity	489530000	0.000000000000	0.000000000000	0.000000000000	791	9999	0
RANGE	49
CARRIER	49
DOPPLER	49.559000000000
CNO	49
Position	489531000	6378137.000000000000	0.000000000000	0.000000000000	649519040	9999	0
Velocity	489531000	0.000000000000	0.000000000000	0.000000000000	806	9999	0
RANGE	50
CARRIER	50
DOPPLER	50.559000000000
CNO	50
Position	489532000	6378137.000000000000	0.000000000000	0.000000000000	649519040	9999	0
Velocity	489532000	0.000000000000	0.000000000000	0.000000000000	822	9999	0
RANGE	51
CARRIER	51
DOPPLER	51.559000000000
CNO	51
Position	489533000	6378137.000000000000	0.000000000000	0.000000000000	649519040	9999	0
Velocity	489533000	0.000000000000	0.000000000000	0.000000000000	837	9999	0
RANGE	52
CARRIER	52
DOPPLER	52.559000000000
CNO	52
Position	489534000	6378137.000000000000	0.000000000000	0.000000000000	649519040	9999	0
Velocity	489534000	0.000000000000	0.000000000000	0.000000000000	851	9999	0
RANGE	53
CARRIER	53
DOPPLER	53.559000000000
CNO	53
Position	489535000	6378137.000000000000	0.000000000000	0.000000000000	649519040	9999	0
Velocity	489535000	0.000000000000	0.000000000000	0.000000000000	866	9999	0
RANGE	54
CARRIER	54
DOPPLER	54.559000000000
CNO	54
Position	489536000	6378137.000000000000	0.000000000000	0.000000000000	649519040	9999	0
Velocity	489536000	0.000000000000	0.000000000000	0.000000000000	880	9999	0
RANGE	55
CARRIER	55
DOPPLER	55.559000000000
CNO	55
Position	489537000	6378137.000000000000	0.000000000000	0.000000000000	649519040	9999	0
Velocity	489537000	0.000000000000	0.000000000000	0.000000000000	894	9999	0
RANGE	56
CARRIER	56
DOPPLER	56.559000000000
CNO	56
Position	489538000	6378137.000000000000	0.000000000000	0.000000000000	649519040	9999	0
Velocity	489538000	0.000000000000	0.000000000000	0.000000000000	908	9999	0
RANGE	57
CARRIER	57
DOPPLER	57.559000000000
CNO	57
Position	489539000	6378137.000000000000	0.000000000000	0.000000000000	649519040	9999	0
Velocity	489539000	0.000000000000	0.000000000000	0.000000000000	922	9999	0
RANGE	58
CARRIER	58
DOPPLER	58.559000000000
CNO	58
Position	489540000	6378137.000000000000	0.000000000000	0.000000000000	649519040	9999	0
Velocity	489540000	0.000000000000	0.000000000000	0.000000000000	935	9999	0
RANGE	59
CARRIER	59
DOPPLER	59.559000000000
CNO	59
Position	489541000	6378137.000000000000	0.000000000000	0.000000000000	649519040	9999	0
Velocity	489541000	0.000000000000	0.000000000000	0.000000000000	949	9999	0
RANGE	489542	4	21650444.613	10	21932061.346	26	21008369.522	31	23242022.469
CARRIER	489542	4	113773853.689	10	116910169.580	26	110399726.309	31	122137651.941
DOPPLER	489542.000	4	-2953.968	10	-2890.150	26	-2053.193	31	-2452.652
CNO	489542	4	34	10	42	26	38	31	35
Position	489542000	6378137.000000000000	0.000000000000	0.000000000000	649519040	9999	0
Velocity	489542000	0.000000000000	0.000000000000	0.000000000000	962	9999	0
RANGE	489543	4	21651006.580	10	21932603.594	26	21008758.802	31	23242486.209
CARRIER	489543	4	113776808.378	10	116913059.760	26	110401779.602	31	122140104.850
DOPPLER	489543.000	4	-2953.191	10	-2889.989	26	-2053.620	31	-2454.301
CNO	489543	4	39	10	42	26	37	31	35
Position	489543000	6378137.000000000000	0.000000000000	0.000000000000	649519040	9999	0
Velocity	489543000	0.000000000000	0.000000000000	0.000000000000	975	9999	0
RANGE	489544	4	21651568.965	10	21933145.144	26	21009142.183	31	23242952.182
CARRIER	489544	4	113779763.801	10	116915946.876	26	110403786.568	31	122142558.253
DOPPLER	489544.000	4	-2956.087	10	-2891.772	26	-2051.608	31	-2453.624
CNO	489544	4	37	10	34	26	27	31	34
Position	489544000	6378137.000000000000	0.000000000000	0.000000000000	649519040	9999	0
Velocity	489544000	0.000000000000	0.000000000000	0.000000000000	987	9999	0
RANGE	489545	4	21652130.984	10	21933691.859	26	21009541.392	31	23243423.407
CARRIER	489545	4	113782718.729	10	116918860.728	26	110405884.878	31	122145014.355
DOPPLER	489545.000	4	-2954.449	10	-2889.269	26	-2053.681	31	-2452.495
CNO	489545	4	34	10	38	26	27	31	32
Position	489545000	6378137.000000000000	0.000000000000	0.000000000000	649519040	9999	0
Velocity	489545000	0.000000000000	0.000000000000	0.000000000000	1000	9999	0
RANGE	489546	4	21652693.841	10	21934227.092	26	21009937.773	31	23243885.053
CARRIER	489546	4	113785674.609	10	116921751.157	26	110407967.513	31	122147467.756
DOPPLER	489546.000	4	-2956.678	10	-2891.335	26	-2053.715	31	-2453.832
CNO	489546	4	42	10	41	26	27	31	36
Position	489546000	6378137.000000000000	0.000000000000	0.000000000000	649519040	9999	0
Velocity	489546000	0.000000000000	0.000000000000	0.000000000000	1012	9999	0
RANGE	489547	4	21653256.750	10	21934773.965	26	21010320.910	31	23244350.886
CARRIER	489547	4	113788632.854	10	116924628.864	26	110409980.994	31	122149922.763
DOPPLER	489547.000	4	-2958.056	10	-2905.346	26	-2054.809	31	-2453.263
CNO	489547	4	40	10	22	26	27	31	30
Position	489547000	6378137.000000000000	0.000000000000	0.000000000000	649519040	9999	0
Velocity	489547000	0.000000000000	0.000000000000	0.000000000000	1025	9999	0
RANGE	489548	4	21653821.841	10	21935318.778	26	21010711.691	31	23244818.587
CARRIER	489548	4	113791601.098	10	116927532.965	26	110412034.959	31	122152345.657
DOPPLER	489548.000	4	-2954.067	10	-2890.984	26	-2056.103	31	-2450.012
CNO	489548	4	35	10	34	26	33	31	35
Position	489548000	6378137.000000000000	0.000000000000	0.000000000000	649519040	9999	0
Velocity	489548000	0.000000000000	0.000000000000	0.000000000000	1037	9999	0
RANGE	489549	4	21654381.295	10	21935859.142	26	21011097.864	31	23245285.258
CARRIER	489549	4	113794541.575	10	116930414.192	26	110414064.039	31	122154797.309
DOPPLER	489549.000	4	-2955.332	10	-2888.779	26	-2055.067	31	-2452.160
CNO	489549	4	38	10	47	26	46	31	45
Position	489549000	6378137.000000000000	0.000000000000	0.000000000000	649519040	9999	0
Velocity	489549000	0.000000000000	0.000000000000	0.000000000000	1049	9999	0
RANGE	489550	4	21654941.045	10	21936397.655	26	21011491.541	31	23245752.558
CARRIER	489550	4	113797497.393	10	116933303.247	26	110416118.950	31	122157249.242
DOPPLER	489550.000	4	-2956.093	10	-2889.223	26	-2055.198	31	-2452.107
CNO	489550	4	38	10	47	26	45	31	45
Position	489550000	6378137.000000000000	0.000000000000	0.000000000000	649519040	9999	0
Velocity	489550000	0.000000000000	0.000000000000	0.000000000000	1061	9999	0
RANGE	489551	4	21655499.627	10	21936938.944	26	21011883.002	31	23246219.177
CARRIER	489551	4	113800453.656	10	116936192.405	26	110418174.396	31	122159701.306
DOPPLER	489551.000	4	-2957.014	10	-2889.496	26	-2055.848	31	-2452.311
CNO	489551	4	36	10	47	26	46	31	44
Position	489551000	6378137.000000000000	0.000000000000	0.000000000000	649519040	9999	0
Velocity	489551000	0.000000000000	0.000000000000	0.000000000000	1072	9999	0
RANGE	489552	4	21656065.084	10	21937483.931	26	21012272.735	22	23166075.457	31	23246685.185
CARRIER	489552	4	113803410.427	10	116939081.814	26	110420230.480	22	121738547.329	31	122162153.639
DOPPLER	489552.000	4	-2956.676	10	-2889.540	26	-2056.306	22	-2824.722	31	-2452.369
CNO	489552	4	35	10	48	26	46	22	33	31	44
Position	489552000	6378137.000000000000	0.000000000000	0.000000000000	649519040	9999	0
Velocity	489552000	0.000000000000	0.000000000000	0.000000000000	1084	9999	0
RANGE	489553	4	21656627.242	10	21938025.569	26	21012664.387	22	23166611.772	31	23247152.187
CARRIER	489553	4	113806367.374	10	116941971.036	26	110422286.790	22	121741371.810	31	122164605.831
DOPPLER	489553.000	4	-2957.033	10	-2889.115	26	-2056.328	22	-2824.798	31	-2451.966
CNO	489553	4	35	10	48	26	46	22	34	31	44
Position	489553000	6378137.000000000000	0.000000000000	0.000000000000	649519040	9999	0
Velocity	489553000	0.000000000000	0.000000000000	0.000000000000	1095	9999	0
RANGE	489554	4	21657192.856	10	21938565.827	26	21013056.668	22	23167147.930	31	23247619.679
CARRIER	489554	4	113809324.201	10	116944859.846	26	110424343.076	22	121744195.971	31	122167057.628
DOPPLER	489554.000	4	-2956.286	10	-2888.303	26	-2056.188	22	-2823.300	31	-2451.575
CNO	489554	4	36	10	47	26	46	22	33	31	44
Position	489554000	6378137.000000000000	0.000000000000	0.000000000000	649519040	9999	0
Velocity	489554000	0.000000000000	0.000000000000	0.000000000000	1107	9999	0
RANGE	489555	4	21657755.347	10	21939108.773	26	21013447.257	22	23167683.337	31	23248085.216
CARRIER	489555	4	113812281.240	10	116947748.483	26	110426399.578	22	121747020.271	31	122169509.273
DOPPLER	489555.000	4	-2957.471	10	-2888.859	26	-2056.704	22	-2824.530	31	-2451.777
CNO	489555	4	36	10	47	26	46	22	34	31	44
Position	489555000	6378137.000000000000	0.000000000000	0.000000000000	649519040	9999	0
Velocity	489555000	0.000000000000	0.000000000000	0.000000000000	1118	9999	0
RANGE	489556	4	21658318.936	10	21939650.289	26	21013838.717	22	23168220.874	31	23248551.084
CARRIER	489556	4	113815238.975	10	116950637.498	26	110428456.877	22	121749845.142	31	122171961.352
DOPPLER	489556.000	4	-2957.671	10	-2889.094	26	-2057.601	22	-2825.180	31	-2452.299
CNO	489556	4	37	10	47	26	46	22	34	31	44
Position	489556000	6378137.000000000000	0.000000000000	0.000000000000	649519040	9999	0
Velocity	489556000	0.000000000000	0.000000000000	0.000000000000	1129	9999	0
RANGE	489557	4	21658882.247	10	21940192.502	26	21014230.335	22	23168760.278	31	23249017.598	255	23667743.330	23	21748463.707
CARRIER	489557	4	113818197.169	10	116953526.121	26	110430514.682	22	121752670.326	31	122174413.568	255	126650848.365	23	114288947.803
DOPPLER	489557.000	4	-2958.033	10	-2888.675	26	-2057.479	22	-2824.644	31	-2451.745	255	3186.817	23	2157.813
CNO	489557	4	37	10	47	26	46	22	35	31	44	255	31	23	30
Position	489557000	6378137.000000000000	0.000000000000	0.000000000000	649519040	9999	0
Velocity	489557000	0.000000000000	0.000000000000	0.000000000000	1140	9999	0
RANGE	489558	4	21659445.557	10	21940734.558	26	21014622.058	22	23169298.041	31	23249484.200	255	23667145.154	23	21748040.382
CARRIER	489558	4	113821155.460	10	116956415.014	26	110432572.687	22	121755495.499	31	122176865.591	255	126647660.837	23	114286790.366
DOPPLER	489558.000	4	-2958.578	10	-2888.687	26	-2058.175	22	-2825.326	31	-2452.003	255	3188.429	23	2157.749
CNO	489558	4	39	10	47	26	46	22	35	31	44	255	31	23	30
Ephemerides	0	31	-0.000000013504177	489584.000000000000000	0.000128747429699	-0.000000000002615	0.000000000000000	2.482112290783767	0.000000005090212	0.008764715050347	5153.632829666137695	1.293486352483408	0.963436998305855	-0.133936534178362	-0.000000008399278	0.000000000005715	0.000000834465027	0.000003645196557	313.218750000000000	13.750000000000000	0.000000175088644	-0.000000154599547	489584.000000000000000
Position	489558000	4035809.089999999851	-1424440.850000000093	4729042.700000000186	649519040	9999	0
Velocity	489558000	0.000000000000	0.000000000000	0.000000000000	828	9999	0
RANGE	489559	4	21660008.972	10	21941276.579	26	21015013.745	22	23169835.595	31	23249951.028	255	23666548.479	16	20074022.794	23	21747635.799
CARRIER	489559	4	113824113.360	10	116959303.733	26	110434630.398	22	121758320.673	31	122179316.976	255	126644473.390	16	105489700.822	23	114284633.074
DOPPLER	489559.000	4	-2958.582	10	-2888.807	26	-2058.490	22	-2825.495	31	-2451.658	255	3187.664	16	-31.132	23	2157.196
CNO	489559	4	41	10	47	26	46	22	36	31	41	255	31	16	33	23	30
Position	489559000	3996757.189999999944	-1403345.729999999981	4768352.370000000112	649519040	9999	0
Velocity	489559000	0.000000000000	0.000000000000	0.000000000000	836	9999	0
RANGE	489560	4	21660572.161	10	21941818.705	26	21015404.909	22	23170373.044	31	23250418.048	255	23665952.222	16	20074032.479	23	21747228.651	3	22392068.292
CARRIER	489560	4	113827072.063	10	116962192.343	26	110436688.900	22	121761145.928	31	122181768.782	255	126641285.917	16	105489732.045	23	114282475.981	3	117671112.448
DOPPLER	489560.000	4	-2959.003	10	-2888.713	26	-2058.759	22	-2825.319	31	-2451.980	255	3187.735	16	-31.325	23	2157.453	3	-2144.117
CNO	489560	4	41	10	46	26	46	22	36	31	42	255	31	16	34	23	33	3	29
Position	489560000	4022739.259999999776	-1416433.560000000056	4742564.330000000075	649519040	9999	0
Velocity	489560000	0.000000000000	0.000000000000	0.000000000000	856	9999	0
RANGE	489561	4	21661135.489	10	21942360.761	26	21015796.597	22	23170910.895	31	23250884.806	255	23665356.245	16	20074040.314	23	21746816.599	3	22392482.019
CARRIER	489561	4	113830030.864	10	116965080.829	26	110438747.664	22	121763971.322	31	122184220.460	255	126638098.551	16	105489763.763	23	114280319.027	3	117673256.492
DOPPLER	489561.000	4	-2958.753	10	-2888.563	26	-2058.770	22	-2825.015	31	-2451.444	255	3186.330	16	-31.713	23	2156.286	3	-2144.626
CNO	489561	4	39	10	47	26	46	22	36	31	43	255	30	16	34	23	33	3	29
Position	489561000	4024717.430000000168	-1416908.899999999907	4740743.650000000373	649519040	9999	0
Velocity	489561000	0.000000000000	0.000000000000	0.000000000000	870	9999	0
RANGE	489562	4	21661698.101	10	21942902.590	26	21016188.162	22	23171448.710	31	23251351.390	255	23664757.912	16	20074046.369	23	21746404.355	3	22392893.565
CARRIER	489562	4	113832989.585	10	116967968.806	26	110440806.382	22	121766796.398	31	122186671.674	255	126634910.542	16	105489795.644	23	114278161.850	3	117675400.517
DOPPLER	489562.000	4	-2958.740	10	-2888.005	26	-2058.895	22	-2825.051	31	-2451.304	255	3187.748	16	-32.101	23	2156.819	3	-2145.488
CNO	489562	4	38	10	48	26	46	22	35	31	45	255	30	16	35	23	33	3	31
Position	489562000	4039055.149999999907	-1423898.659999999916	4726433.929999999702	649519040	9999	0
Velocity	489562000	0.000000000000	0.000000000000	0.000000000000	887	9999	0
RANGE	489563	4	21662260.801	10	21943444.367	26	21016579.675	22	23171985.776	31	23251817.870	255	23664157.816	16	20074053.315	23	21745990.732	3	22393299.300	255	23085207.640
CARRIER	489563	4	113835948.046	10	116970856.230	26	110442864.859	22	121769621.137	31	122189122.393	255	126631722.205	16	105489827.503	23	114276004.417	3	117677544.174	255	123143706.766
DOPPLER	489563.000	4	-2958.331	10	-2887.399	26	-2058.358	22	-2824.253	31	-2450.569	255	3189.073	16	-32.386	23	2157.493	3	-2142.867	255	952.827
CNO	489563	4	39	10	48	26	45	22	34	31	44	255	28	16	36	23	32	3	30	255	42
Position	489563000	4027189.339999999851	-1417079.580000000075	4738592.940000000410	649519040	9999	0
Velocity	489563000	0.000000000000	0.000000000000	0.000000000000	899	9999	0
RANGE	489564	4	21662824.094	10	21943986.057	26	21016971.241	22	23172523.138	31	23252284.314	255	23663554.597	16	20074059.475	23	21745583.374	3	22393705.210	255	23085028.705
CARRIER	489564	4	113838906.650	10	116973743.467	26	110444923.577	22	121772445.847	31	122191572.903	255	126628533.771	16	105489859.806	23	114273847.123	3	117679688.309	255	123142754.110
DOPPLER	489564.000	4	-2958.784	10	-2887.114	26	-2058.741	22	-2824.026	31	-2450.635	255	3188.196	16	-31.905	23	2157.655	3	-2143.504	255	952.509
CNO	489564	4	40	10	47	26	46	22	34	31	43	255	27	16	36	23	32	3	30	255	42
Position	489564000	4026429.399999999907	-1416113.280000000028	4739527.509999999776	649519040	9999	0
Velocity	489564000	0.000000000000	0.000000000000	0.000000000000	913	9999	0
RANGE	489565	4	21663387.212	10	21944527.467	26	21017363.277	22	23173060.535	31	23252750.304	255	23662959.580	16	20074066.210	23	21745174.935	3	22394111.346	255	23084850.574
CARRIER	489565	4	113841865.652	10	116976630.829	26	110446982.813	22	121775270.950	31	122194023.547	255	126625249.175	16	105489892.897	23	114271690.201	3	117681832.995	255	123141801.765
DOPPLER	489565.000	4	-2959.372	10	-2887.374	26	-2059.523	22	-2825.576	31	-2450.694	255	3187.735	16	-33.501	23	2157.071	3	-2145.009	255	951.462
CNO	489565	4	40	10	47	26	46	22	35	31	42	255	25	16	36	23	31	3	30	255	42
Position	489565000	4013807.180000000168	-1408894.050000000047	4752367.950000000186	649519040	9999	0
Velocity	489565000	0.000000000000	0.000000000000	0.000000000000	924	9999	0
RANGE	489566	4	21663950.889	10	21945069.314	26	21017755.349	22	23173597.897	31	23253216.731	255	23662360.688	16	20074072.964	23	21744764.924	3	22394525.823	255	23084672.320
CARRIER	489566	4	113844825.398	10	116979518.597	26	110449042.829	22	121778096.586	31	122196474.613	255	126622044.406	16	105489926.977	23	114269534.000	3	117683978.409	255	123140850.826
DOPPLER	489566.000	4	-2960.226	10	-2888.187	26	-2060.596	22	-2825.878	31	-2451.287	255	3186.105	16	-34.873	23	2155.521	3	-2146.078	255	950.204
CNO	489566	4	39	10	47	26	46	22	35	31	42	255	25	16	36	23	31	3	31	255	42
Position	489566000	4014379.120000000112	-1408626.810000000056	4751964.059999999590	649519040	9999	0
Velocity	489566000	0.000000000000	0.000000000000	0.000000000000	938	9999	0
RANGE	489567	4	21664514.339	10	21945611.300	26	21018147.787	22	23174135.800	31	23253683.176	255	151214303.768	16	20074079.926	23	21744351.372	3	22394936.706	26	23084494.519
CARRIER	489567	4	113847785.688	10	116982406.597	26	110451103.458	22	121780922.683	31	122198925.940	255	809745692.670	16	105489961.872	23	114267378.304	3	117686124.559	26	123139900.958
DOPPLER	489567.000	4	-2960.369	10	-2887.680	26	-2060.542	22	-2826.095	31	-2451.248	255	-3863.911	16	-34.506	23	2155.938	3	-2146.449	26	949.615
CNO	489567	4	39	10	47	26	46	22	35	31	42	255	30	16	36	23	30	3	31	26	42
Position	489567000	4014951.029999999795	-1408359.629999999888	4751560.059999999590	649519040	9999	0
Velocity	489567000	0.000000000000	0.000000000000	0.000000000000	951	9999	0
RANGE	489568	4	21665077.667	10	21946153.269	26	21018539.911	22	23174673.074	31	23254149.742	255	151215021.129	16	20074087.028	23	21743942.653	3	22395349.788	26	23084316.562	29	25130236.001
CARRIER	489568	4	113850746.063	10	116985294.412	26	110453164.302	22	121783748.742	31	122201377.086	255	809749557.597	16	105489997.215	23	114265222.698	3	117688270.924	26	123138951.522	29	132060280.942
DOPPLER	489568.000	4	-2960.528	10	-2888.009	26	-2061.379	22	-2826.900	31	-2451.602	255	-3865.698	16	-35.573	23	2155.344	3	-2146.649	26	948.898	29	-2395.587
CNO	489568	4	39	10	47	26	46	22	34	31	43	255	30	16	37	23	30	3	30	26	42	29	33
Position	489568000	4028711.640000000130	-1415053.239999999991	4737904.429999999702	649519040	9999	0
Velocity	489568000	0.000000000000	0.000000000000	0.000000000000	966	9999	0
RANGE	489569	4	21665641.257	10	21946694.959	26	21018932.366	22	23175210.576	31	23254616.518	255	151215747.791	16	20074094.654	23	21743531.246	3	22395764.702	26	23084139.128	29	25130693.825
CARRIER	489569	4	113853708.077	10	116988183.479	26	110455226.776	22	121786576.267	31	122203829.503	255	809753423.718	16	105490034.431	23	114263068.642	3	117690418.977	26	123138003.956	29	132062677.389
DOPPLER	489569.000	4	-2962.401	10	-2889.345	26	-2063.039	22	-2827.381	31	-2452.673	255	-3867.343	16	-37.792	23	2154.262	3	-2149.023	26	946.900	29	-2397.113
CNO	489569	4	39	10	47	26	46	22	34	31	42	255	33	16	37	23	30	3	32	26	43	29	33
Position	489569000	4016094.770000000019	-1407825.439999999944	4750751.730000000447	649519040	9999	0
Velocity	489569000	0.000000000000	0.000000000000	0.000000000000	977	9999	0
RANGE	489570	4	21666205.021	10	21947236.945	26	21019325.118	22	23175748.671	31	23255083.329	255	151216464.244	16	20074102.245	23	21743129.787	3	22396174.450	26	23083961.729	29	25131150.078
CARRIER	489570	4	113856670.481	10	116991072.617	26	110457289.722	22	121789404.066	31	122206282.012	255	809757290.720	16	105490072.351	23	114260914.957	3	117692567.529	26	123137057.257	29	132065074.345
DOPPLER	489570.000	4	-2962.694	10	-2888.981	26	-2062.940	22	-2827.554	31	-2452.579	255	-3865.562	16	-38.171	23	2154.121	3	-2149.091	26	946.284	29	-2397.127
CNO	489570	4	41	10	47	26	46	22	35	31	41	255	32	16	37	23	31	3	31	26	42	29	34
Position	489570000	4003064.129999999888	-1400380.600000000093	4763931.500000000000	649519040	9999	0
Velocity	489570000	0.000000000000	0.000000000000	0.000000000000	988	9999	0
RANGE	489571	4	21666768.576	10	21947778.844	26	21019717.992	22	23176286.277	255	23224174.506	31	23255550.000	255	151217182.879	16	20074109.504	23	21742718.398	3	22396575.735	26	23083784.802	29	25131604.970
CARRIER	489571	4	113859633.610	10	116993962.181	26	110459353.529	22	121792232.537	255	124190065.024	31	122208734.993	255	809761158.929	16	105490111.338	23	114258762.070	3	117694716.901	26	123136111.675	29	132067472.221
DOPPLER	489571.000	4	-2963.618	10	-2890.239	26	-2064.694	22	-2829.107	255	1050.914	31	-2453.304	255	-3868.506	16	-40.078	23	2151.456	3	-2149.574	26	945.063	29	-2397.847
CNO	489571	4	39	10	47	26	46	22	33	255	36	31	44	255	31	16	37	23	31	3	31	26	42	29	34
Position	489571000	4043209.520000000019	-1421022.469999999972	4723746.759999999776	649519040	9999	0
Velocity	489571000	0.000000000000	0.000000000000	0.000000000000	1006	9999	0
RANGE	489572	4	21667332.061	10	21948321.005	26	21020111.250	22	23176824.250	255	23223977.667	31	23256017.247	255	23658778.839	255	151217912.124	16	20074117.078	23	21742309.138	3	22396979.830	26	23083607.909	29	25132062.131
CARRIER	489572	4	113862597.395	10	116996852.017	26	110461417.983	22	121795061.402	255	124189014.561	31	122211188.254	255	126602877.696	255	809765027.787	16	105490151.176	23	114256609.708	3	117696867.069	26	123135167.098	29	132069870.805
DOPPLER	489572.000	4	-2963.911	10	-2890.016	26	-2064.666	22	-2829.237	255	1050.199	31	-2453.020	255	3185.504	255	-3868.935	16	-40.025	23	2152.299	3	-2151.165	26	943.808	29	-2398.490
CNO	489572	4	37	10	48	26	47	22	33	255	38	31	44	255	22	255	33	16	37	23	31	3	31	26	42	29	33
Position	489572000	4032322.750000000000	-1414697.270000000019	4734937.849999999627	649519040	9999	0
Velocity	489572000	0.000000000000	0.000000000000	0.000000000000	1017	9999	0
RANGE	489573	4	21667895.825	10	21948863.026	26	21020504.247	22	23177361.978	255	23223781.247	31	23256483.779	255	151218634.388	16	20074124.529	23	21741904.659	3	22397393.540	26	23083431.033	29	25132517.983
CARRIER	489573	4	113865560.743	10	116999741.197	26	110463482.167	22	121797889.884	255	124187963.596	31	122213640.915	255	809768896.390	16	105490191.038	23	114254456.975	3	117699016.937	26	123134222.668	29	132072269.245
DOPPLER	489573.000	4	-2963.294	10	-2889.139	26	-2064.221	22	-2828.283	255	1050.118	31	-2452.490	255	-3869.364	16	-40.425	23	2152.272	3	-2149.943	26	944.486	29	-2398.944
CNO	489573	4	37	10	46	26	47	22	32	255	36	31	41	255	34	16	37	23	31	3	31	26	44	29	33
Position	489573000	4016569.060000000056	-1405799.500000000000	4750950.679999999702	649519040	9999	0
Velocity	489573000	0.000000000000	0.000000000000	0.000000000000	1027	9999	0
RANGE	489574	4	21668459.642	10	21949404.978	26	21020897.749	22	23177900.230	255	23223584.479	31	23256949.717	255	151219360.754	16	20074131.893	23	21741489.798	3	22397802.224	26	23083254.437	29	25132974.149
CARRIER	489574	4	113868524.465	10	117002630.307	26	110465546.706	22	121800718.485	255	124186913.806	31	122216093.572	255	809772765.494	16	105490231.427	23	114252304.437	3	117701167.257	26	123133278.915	29	132074667.987
DOPPLER	489574.000	4	-2964.750	10	-2889.443	26	-2065.212	22	-2829.298	255	1048.634	31	-2453.176	255	-3870.133	16	-41.057	23	2151.977	3	-2151.271	26	942.728	29	-2399.335
CNO	489574	4	37	10	46	26	47	22	33	255	37	31	42	255	35	16	37	23	31	3	32	26	44	29	32
Position	489574000	4030728.740000000224	-1412720.939999999944	4736884.730000000447	649519040	9999	0
Velocity	489574000	0.000000000000	0.000000000000	0.000000000000	1041	9999	0
RANGE	489575	4	21669024.017	10	21949947.051	26	21021291.252	22	23178438.639	255	23223387.885	31	23257416.371	255	151220075.811	16	20074139.763	23	21741084.150	3	22398213.020	26	23083078.120	29	25133430.350
CARRIER	489575	4	113871488.788	10	117005519.705	26	110467611.920	22	121803547.598	255	124185864.966	31	122218546.514	255	809776635.303	16	105490272.754	23	114250152.589	3	117703318.261	26	123132336.103	29	132077067.605
DOPPLER	489575.000	4	-2964.927	10	-2889.205	26	-2065.231	22	-2829.283	255	1049.093	31	-2452.795	255	-3869.850	16	-41.885	23	2151.617	3	-2151.031	26	942.451	29	-2400.634
CNO	489575	4	40	10	46	26	47	22	34	255	36	31	44	255	33	16	37	23	30	3	31	26	44	29	32
Position	489575000	4057225.160000000149	-1426198.840000000084	4710149.940000000410	649519040	9999	0
Velocity	489575000	0.000000000000	0.000000000000	0.000000000000	1056	9999	0
RANGE	489576	4	21669588.339	10	21950489.422	26	21021684.457	22	23178976.857	255	23223191.657	31	23257883.164	255	151220795.772	16	20074147.738	23	21740674.977	3	22398625.298	26	23082901.751	29	25133880.357
CARRIER	489576	4	113874453.044	10	117008408.779	26	110469677.225	22	121806376.544	255	124184816.492	31	122220999.144	255	809780505.282	16	105490314.378	23	114248000.614	3	117705469.340	26	123131393.682	29	132079467.184
DOPPLER	489576.000	4	-2963.671	10	-2888.519	26	-2064.967	22	-2828.454	255	1049.064	31	-2452.105	255	-3869.734	16	-41.431	23	2152.751	3	-2150.033	26	942.927	29	-2398.562
CNO	489576	4	40	10	46	26	47	22	34	255	36	31	43	255	33	16	37	23	31	3	32	26	45	29	31
Position	489576000	4045032.779999999795	-1419168.379999999888	4722743.120000000112	649519040	9999	0
Velocity	489576000	0.000000000000	0.000000000000	0.000000000000	1066	9999	0
RANGE	489577	4	21670152.662	10	21951031.652	26	21022077.681	22	23179515.196	255	23222995.586	31	23258349.608	255	151221518.159	16	20074156.061	23	21740271.214	3	22399037.752	26	23082725.015	29	25134335.336
CARRIER	489577	4	113877417.132	10	117011297.304	26	110471742.374	22	121809205.191	255	124183768.163	31	122223451.287	255	809784375.170	16	105490355.557	23	114245848.450	3	117707619.921	26	123130451.280	29	132081866.844
DOPPLER	489577.000	4	-2964.442	10	-2888.807	26	-2065.488	22	-2828.846	255	1047.960	31	-2452.355	255	-3870.230	16	-42.377	23	2151.943	3	-2151.314	26	941.940	29	-2400.103
CNO	489577	4	40	10	46	26	47	22	33	255	36	31	44	255	34	16	37	23	30	3	31	26	45	29	31
Position	489577000	4058360.549999999814	-1425678.179999999935	4709329.349999999627	649519040	9999	0
Velocity	489577000	0.000000000000	0.000000000000	0.000000000000	1080	9999	0
RANGE	489578	4	21670716.967	10	21951574.214	26	21022470.816	22	23180053.116	255	23222799.585	31	23258816.349	255	151222239.743	16	20074164.612	23	21739872.040	3	22399450.816	26	23082548.890	29	25134795.202
CARRIER	489578	4	113880381.867	10	117014186.155	26	110473808.238	22	121812034.411	255	124182720.835	31	122225903.761	255	809788245.842	16	105490398.198	23	114243696.949	3	117709771.716	26	123129509.731	29	132084267.206
DOPPLER	489578.000	4	-2965.071	10	-2888.848	26	-2066.087	22	-2829.679	255	1046.681	31	-2452.559	255	-3870.549	16	-42.854	23	2150.425	3	-2152.118	26	940.906	29	-2401.421
CNO	489578	4	40	10	46	26	47	22	33	255	36	31	44	255	34	16	37	23	30	3	32	26	45	29	30
Position	489578000	4058928.200000000186	-1425417.939999999944	4708918.900000000373	649519040	9999	0
Velocity	489578000	0.000000000000	0.000000000000	0.000000000000	1091	9999	0
RANGE	489579	4	21671280.766	10	21952116.410	26	21022864.301	22	23180591.211	255	23222603.794	31	23259283.160	255	151222962.793	16	20074172.936	23	21739464.386	3	22399854.300	26	23082372.590	29	25135253.793
CARRIER	489579	4	113883346.784	10	117017074.874	26	110475874.373	22	121814863.625	255	124181674.045	31	122228356.112	255	809792116.914	16	105490441.303	23	114241545.519	3	117711923.840	26	123128568.709	29	132086667.792
DOPPLER	489579.000	4	-2964.676	10	-2888.270	26	-2065.975	22	-2829.052	255	1047.217	31	-2451.527	255	-3870.648	16	-42.911	23	2152.094	3	-2151.556	26	941.364	29	-2400.223
CNO	489579	4	40	10	46	26	47	22	33	255	35	31	44	255	34	16	38	23	30	3	32	26	45	29	31
Ephemerides	0	22	-0.000000017695129	489600.000000000000000	-0.000356615521014	-0.000000000013074	0.000000000000000	-1.374334673648123	0.000000005313436	0.007447549491189	5153.544509887695312	-0.888318829235570	0.924817718021944	-1.577617530174210	-0.000000008556785	-0.000000000312156	-0.000004347413778	0.000008950009942	187.093750000000000	-88.937500000000000	0.000000171363354	0.000000000000000	489600.000000000000000
Position	489579000	654590.099999999977	-5210170.040000000037	3608391.879999999888	459117	9999	4
Velocity	489579000	-2.410000000000	18.500000000000	-12.670000000000	14736	9999	4
RANGE	489580	4	21671844.391	10	21952658.257	26	21023257.385	22	23181129.131	255	23222408.177	31	23259750.040	255	151223685.773	16	20074181.329	23	21739047.779	3	22400262.565	29	25135711.774
CARRIER	489580	4	113886311.143	10	117019962.700	26	110477939.996	22	121817692.184	255	124180627.063	31	122230807.617	255	809795987.558	16	105490484.157	23	114239393.528	3	117714075.429	29	132089068.049
DOPPLER	489580.000	4	-2964.167	10	-2887.626	26	-2065.683	22	-2828.419	255	1046.796	31	-2451.346	255	-3871.045	16	-43.029	23	2152.014	3	-2151.709	29	-2400.194
CNO	489580	4	40	10	47	26	47	22	33	255	36	31	43	255	34	16	37	23	30	3	31	29	32
Position	489580000	654595.250000000000	-5210214.719999999739	3608422.660000000149	26502	671	5
Velocity	489580000	-0.190000000000	-0.670000000000	0.330000000000	656	671	5
RANGE	489581	4	21672408.556	10	21953200.208	26	21023650.486	22	23181667.122	255	23222212.874	31	23260216.956	255	151224408.386	16	20074190.194	23	21738638.275	3	22400670.691	29	25136168.115
CARRIER	489581	4	113889276.065	10	117022850.789	26	110480006.300	22	121820521.161	255	124179581.053	31	122233259.411	255	809799858.911	16	105490527.918	23	114237242.108	3	117716227.759	29	132091469.037
DOPPLER	489581.000	4	-2965.290	10	-2888.357	26	-2066.801	22	-2829.482	255	1045.254	31	-2452.352	255	-3872.266	16	-44.789	23	2151.083	3	-2152.126	29	-2401.943
CNO	489581	4	40	10	47	26	47	22	33	255	35	31	43	255	33	16	37	23	31	3	32	29	31
Position	489581000	654595.040000000037	-5210214.809999999590	3608422.580000000075	21037	671	5
Velocity	489581000	0.210000000000	-0.740000000000	0.590000000000	523	671	5
RANGE	489582	4	21672972.617	10	21953742.526	26	21024044.058	22	23182204.920	255	23222017.257	31	23260683.522	21	23652825.802	255	151225131.698	16	20074198.919	23	21738232.174	3	22401082.952	29	25136624.089
CARRIER	489582	4	113892241.767	10	117025739.294	26	110482073.410	22	121823350.791	255	124178536.094	31	122235711.644	21	126571021.190	255	809803731.228	16	105490572.699	23	114235091.472	3	117718381.035	29	132093870.904
DOPPLER	489582.000	4	-2965.879	10	-2888.242	26	-2067.030	22	-2829.156	255	1044.724	31	-2451.988	21	3185.870	255	-3873.037	16	-45.177	23	2149.089	3	-2152.884	29	-2402.592
CNO	489582	4	40	10	47	26	47	22	33	255	35	31	43	21	24	255	33	16	37	23	30	3	32	29	31
Position	489582000	654594.680000000051	-5210212.759999999776	3608420.930000000168	17728	672	5
Velocity	489582000	0.140000000000	-0.380000000000	0.280000000000	402	672	5
Ephemerides	0	16	-0.000000010710210	489600.000000000000000	0.000027788337320	-0.000000000001023	0.000000000000000	0.189709631962311	0.000000003920520	0.010045643197373	5153.616127014160156	2.392123176170188	0.987374710717452	0.498050762341441	-0.000000007882828	-0.000000000596811	-0.000002700835466	0.000010117888451	194.468750000000000	-53.281250000000000	0.000000100582838	0.000000085681677	489600.000000000000000
Ephemerides	0	26	0.000000007450581	489600.000000000000000	-0.000183966476470	0.000000000012960	0.000000000000000	1.092211959592742	0.000000004684481	0.002793654915877	5153.641895294189453	2.292842678246672	0.956100617753111	0.099059859156135	-0.000000008192841	-0.000000000623597	-0.000003021210432	0.000009203329682	195.281250000000000	-62.343750000000000	-0.000000013038516	0.000000068917871	489600.000000000000000
RANGE	489583	4	21673536.591	10	21954284.233	26	21024437.718	22	23182743.067	255	23221821.920	31	23261150.141	21	23652231.430	255	151225854.922	16	20074207.540	23	21737821.256	3	22401492.352	11	20106778.023	29	25137079.016
CARRIER	489583	4	113895207.256	10	117028627.268	26	110484140.393	22	121826180.173	255	124177491.296	31	122238163.373	21	126567840.507	255	809807603.383	16	105490617.556	23	114232940.440	3	117720534.100	11	107444471.951	29	132096272.607
DOPPLER	489583.000	4	-2965.564	10	-2887.903	26	-2067.026	22	-2829.592	255	1044.906	31	-2451.688	21	3185.425	255	-3872.137	16	-45.017	23	2150.936	3	-2152.647	11	-521.653	29	-2402.103
CNO	489583	4	39	10	47	26	48	22	32	255	35	31	43	21	25	255	33	16	38	23	31	3	31	11	33	29	31
Position	489583000	654592.239999999991	-5210201.669999999925	3608416.000000000000	2301	204	7
Velocity	489583000	-0.050000000000	0.490000000000	-0.350000000000	39	204	7
RANGE	489584	4	21674101.053	10	21954826.202	26	21024831.430	22	23183280.394	255	23221626.774	31	23261616.620	21	23651637.721	255	151226578.303	16	20074216.247	23	21737412.868	3	22401901.594	11	20106880.491	29	25137534.066
CARRIER	489584	4	113898173.413	10	117031515.599	26	110486208.123	22	121829009.968	255	124176447.538	31	122240615.494	21	126564664.187	255	809811476.402	16	105490663.400	23	114230790.180	3	117722688.021	11	107444994.184	29	132098675.189
DOPPLER	489584.000	4	-2966.538	10	-2888.549	26	-2068.108	22	-2830.005	255	1043.037	31	-2452.156	21	3184.892	255	-3873.677	16	-46.184	23	2149.866	3	-2153.350	11	-522.326	29	-2403.358
CNO	489584	4	40	10	47	26	48	22	30	255	35	31	43	21	25	255	33	16	38	23	31	3	31	11	33	29	30
Position	489584000	654591.660000000033	-5210200.450000000186	3608416.490000000224	1995	204	7
Velocity	489584000	-0.140000000000	0.210000000000	-0.190000000000	35	204	7
RANGE	489585	4	21674665.393	10	21955368.136	26	21025225.386	22	23183818.158	255	23221431.139	31	23262083.396	21	23651044.327	255	151227301.493	16	20074225.461	23	21737010.937	3	22402311.482	11	20106979.608	29	25137991.645
CARRIER	489585	4	113901140.208	10	117034404.241	26	110488276.569	22	121831840.405	255	124175404.756	31	122243067.964	21	126561488.480	255	809815350.216	16	105490710.205	23	114228640.522	3	117724842.745	11	107445516.967	29	132101078.552
DOPPLER	489585.000	4	-2966.938	10	-2888.579	26	-2068.689	22	-2831.444	255	1042.697	31	-2452.493	21	3184.488	255	-3874.310	16	-47.332	23	2149.175	3	-2155.136	11	-522.884	29	-2404.021
CNO	489585	4	40	10	47	26	48	22	30	255	34	31	43	21	26	255	32	16	38	23	31	3	30	11	33	29	30
Position	489585000	654591.280000000028	-5210199.610000000335	3608416.660000000149	1818	204	7
Velocity	489585000	-0.120000000000	0.130000000000	-0.110000000000	34	204	7
RANGE	489586	4	21675229.733	10	21955910.210	26	21025619.115	22	23184355.677	255	23221236.360	31	23262549.945	21	23650448.978	255	151228024.699	16	20074234.395	23	21736600.875	3	22402722.557	11	20107078.184	29	25138452.052
CARRIER	489586	4	113904106.363	10	117037291.928	26	110490344.430	22	121834669.971	255	124174361.628	31	122245519.491	21	126558302.156	255	809819223.517	16	105490756.658	23	114226490.110	3	117726996.859	11	107446039.111	29	132103481.295
DOPPLER	489586.000	4	-2966.005	10	-2887.365	26	-2067.876	22	-2828.621	255	1043.762	31	-2451.271	21	3185.920	255	-3873.301	16	-46.820	23	2150.926	3	-2154.408	11	-521.542	29	-2403.182
CNO	489586	4	40	10	47	26	48	22	31	255	33	31	43	21	27	255	33	16	38	23	32	3	30	11	33	29	30
Position	489586000	654591.010000000009	-5210199.150000000373	3608416.629999999888	1674	204	7
Velocity	489586000	-0.030000000000	0.080000000000	-0.020000000000	32	204	7
RANGE	489587	4	21675794.596	10	21956452.301	26	21026012.914	22	23184892.969	255	23221041.075	31	23263016.547	21	23649852.686	255	151228747.679	16	20074243.435	23	21736188.631	3	22403132.899	11	20107175.993	29	25138907.729
CARRIER	489587	4	113907072.683	10	117040179.469	26	110492412.550	22	121837499.661	255	124173319.086	31	122247970.884	21	126555116.456	255	809823097.186	16	105490803.528	23	114224339.972	3	117729151.252	11	107446561.473	29	132105884.406
DOPPLER	489587.000	4	-2966.926	10	-2888.026	26	-2068.813	22	-2830.238	255	1041.997	31	-2451.920	21	3185.511	255	-3874.290	16	-47.245	23	2149.220	3	-2155.420	11	-522.717	29	-2403.639
CNO	489587	4	40	10	47	26	48	22	30	255	34	31	43	21	28	255	33	16	38	23	32	3	29	11	32	29	30
Position	489587000	654590.880000000005	-5210198.849999999627	3608416.490000000224	1572	204	7
Velocity	489587000	-0.040000000000	0.050000000000	-0.030000000000	34	204	7
RANGE	489588	4	21676359.652	10	21956994.444	26	21026407.167	22	23185426.370	255	23220846.348	31	23263483.026	21	23649257.791	255	151229470.747	16	20074252.840	23	21735778.935	3	22403543.573	11	20107273.278	29	25139366.024
CARRIER	489588	4	113910040.105	10	117043067.799	26	110494481.838	22	121840330.351	255	124172278.024	31	122250423.096	21	126551931.750	255	809826972.105	16	105490851.865	23	114222190.784	3	117731306.851	11	107447084.850	29	132108288.738
DOPPLER	489588.000	4	-2967.521	10	-2888.345	26	-2069.624	22	-2831.138	255	1040.607	31	-2452.299	21	3184.706	255	-3875.295	16	-48.852	23	2150.224	3	-2155.758	11	-523.492	29	-2404.139
CNO	489588	4	40	10	47	26	48	22	29	255	33	31	43	21	29	255	34	16	38	23	31	3	29	11	32	29	30
Ephemerides	0	23	-0.000000020023435	489600.000000000000000	-0.000217983964831	0.000000000000227	0.000000000000000	-2.052729772168987	0.000000004751626	0.012267790269107	5153.569705963134766	0.202123414952016	0.944145044111998	-2.375637645980520	-0.000000008002119	0.000000000598954	0.000002402812243	0.000011067837477	152.531250000000000	52.718750000000000	-0.000000063329935	0.000000199303031	489600.000000000000000
Ephemerides	0	3	0.000000002328306	489600.000000000000000	0.000049810390919	0.000000000007958	0.000000000000000	2.488654021551351	0.000000004397683	0.001274880836718	5153.785245895385742	-0.830400774633725	0.960822054185924	0.453960926238887	-0.000000008072479	-0.000000000316085	-0.000004362314939	0.000009402632713	195.843750000000000	-86.687500000000000	-0.000000027939677	0.000000007450581	489600.000000000000000
Ephemerides	0	29	-0.000000010244548	489584.000000000000000	0.000466853380203	-0.000000000006139	0.000000000000000	0.458191669227194	0.000000003824445	0.000680920784362	5153.712739944458008	-2.865644665916995	0.983988416708583	0.941498465851558	-0.000000007695321	0.000000000286441	0.000003537163138	0.000009937211871	200.250000000000000	68.687500000000000	0.000000078231096	-0.000000074505806	489584.000000000000000
Position	489588000	654590.680000000051	-5210198.469999999739	3608416.279999999795	1485	204	7
Velocity	489588000	-0.070000000000	0.040000000000	-0.030000000000	37	204	7
RANGE	489589	4	21676924.603	10	21957536.116	26	21026801.297	22	23185960.032	255	23220651.516	31	23263949.435	21	23648672.004	255	151230194.163	16	20074262.752	23	21735368.785	3	22403964.873	255	23080615.458	11	20107371.435	29	25139815.071
CARRIER	489589	4	113913007.858	10	117045956.117	26	110496551.540	22	121843161.210	255	124171237.619	31	122252875.317	21	126548747.084	255	809830847.492	16	105490900.795	23	114220042.002	3	117733462.855	255	123119211.074	11	107447608.542	29	132110693.525
DOPPLER	489589.000	4	-2967.459	10	-2887.939	26	-2069.623	22	-2830.380	255	1040.799	31	-2451.812	21	3185.158	255	-3875.025	16	-48.720	23	2149.507	3	-2155.667	255	934.475	11	-522.969	29	-2403.913
CNO	489589	4	41	10	47	26	49	22	30	255	34	31	42	21	30	255	34	16	39	23	30	3	31	255	45	11	31	29	29
Position	489589000	654591.050000000047	-5210198.360000000335	3608416.479999999981	1367	164	9
Velocity	489589000	-0.060000000000	0.050000000000	-0.030000000000	30	164	9
RANGE	489590	4	21677489.414	10	21958077.876	26	21027195.463	22	23186500.326	20	23220456.702	31	23264415.635	21	23648078.366	255	151230917.562	16	20074272.402	23	21734954.290	3	22404378.356	255	23080440.083	11	20107469.558	29	25140270.347
CARRIER	489590	4	113915975.435	10	117048843.915	26	110498621.111	22	121845991.771	20	124170197.416	31	122255327.066	21	126545562.067	255	809834722.844	16	105490949.854	23	114217893.065	3	117735618.891	255	123118276.856	11	107448132.155	29	132113098.320
DOPPLER	489590.000	4	-2967.920	10	-2888.010	26	-2070.052	22	-2831.181	20	1039.605	31	-2451.916	21	3184.575	255	-3876.427	16	-49.487	23	2148.010	3	-2156.967	255	933.439	11	-525.443	29	-2405.349
CNO	489590	4	41	10	47	26	49	22	30	20	34	31	42	21	31	255	34	16	38	23	29	3	31	255	45	11	30	29	29
Position	489590000	654592.050000000047	-5210198.929999999702	3608416.649999999907	1264	159	10
Velocity	489590000	-0.010000000000	0.030000000000	0.000000000000	26	159	10
RANGE	489591	4	21678053.998	10	21958619.862	26	21027589.576	22	23187039.433	20	23220262.184	31	23264882.132	21	23647482.633	255	151231641.170	16	20074282.000	23	21734548.188	3	22404785.400	255	23080264.936	11	20107564.469	29	25140738.449
CARRIER	489591	4	113918943.684	10	117051732.038	26	110500691.420	22	121848822.862	20	124169158.207	31	122257779.176	21	126542377.501	255	809838599.037	16	105490999.873	23	114215744.670	3	117737775.686	255	123117343.178	11	107448656.239	29	132115503.879
DOPPLER	489591.000	4	-2968.444	10	-2888.001	26	-2070.441	22	-2831.440	20	1039.108	31	-2452.048	21	3184.568	255	-3876.611	16	-50.401	23	2147.861	3	-2157.156	255	932.729	11	-524.245	29	-2406.002
CNO	489591	4	41	10	47	26	49	22	31	20	33	31	42	21	31	255	34	16	39	23	30	3	31	255	45	11	29	29	30
Position	489591000	654593.109999999986	-5210199.620000000112	3608416.640000000130	1180	159	10
Velocity	489591000	0.000000000000	0.020000000000	0.000000000000	21	159	10
RANGE	489592	4	21678619.089	10	21959161.394	26	21027984.317	22	23187573.985	20	23220067.911	31	23265348.559	21	23646887.214	255	151232365.040	16	20074292.016	23	21734145.175	3	22405188.692	255	23080089.858	11	20107658.613	29	25141199.536
CARRIER	489592	4	113921912.246	10	117054620.168	26	110502762.133	22	121851654.151	20	124168119.709	31	122260231.333	21	126539193.040	255	809842475.707	16	105491050.510	23	114213596.622	3	117739932.813	255	123116410.712	11	107449180.703	29	132117909.913
DOPPLER	489592.000	4	-2968.229	10	-2887.744	26	-2070.472	22	-2831.710	20	1038.462	31	-2451.931	21	3183.992	255	-3876.601	16	-50.427	23	2147.919	3	-2156.908	255	932.593	11	-524.059	29	-2406.640
CNO	489592	4	41	10	47	26	49	22	31	20	33	31	42	21	31	255	34	16	39	23	32	3	31	255	45	11	29	29	30
Position	489592000	654593.069999999949	-5210199.250000000000	3608416.299999999814	1111	164	9
Velocity	489592000	-0.030000000000	0.030000000000	0.020000000000	35	164	9
RANGE	489593	4	21679184.580	10	21959703.049	12	22042180.915	26	21028378.797	22	23188118.013	20	23219873.254	31	23265815.317	21	23646293.173	255	151233089.206	16	20074301.858	23	21733741.185	3	22405585.929	255	23079915.425	11	20107753.577	29	25141656.296
CARRIER	489593	4	113924880.666	10	117057507.828	12	117745309.700	26	110504832.783	22	121854485.129	20	124167081.390	31	122262683.031	21	126536008.206	255	809846352.393	16	105491101.317	23	114211448.390	3	117742090.047	255	123115478.443	11	107449704.957	29	132120315.919
DOPPLER	489593.000	4	-2968.876	10	-2887.921	12	1777.663	26	-2071.023	22	-2830.770	20	1037.928	31	-2451.880	21	3184.571	255	-3877.243	16	-51.559	23	2147.603	3	-2157.598	255	931.688	11	-524.287	29	-2407.112
CNO	489593	4	41	10	47	12	24	26	49	22	31	20	33	31	42	21	30	255	34	16	38	23	32	3	29	255	45	11	29	29	30
Position	489593000	654593.270000000019	-5210199.230000000447	3608415.839999999851	1056	159	10
Velocity	489593000	0.000000000000	0.010000000000	0.000000000000	26	159	10
RANGE	489594	4	21679749.531	10	21960244.931	12	22041852.258	26	21028773.259	22	23188661.431	20	23219679.050	31	23266282.006	21	23645697.144	255	151233813.041	16	20074311.630	23	21733332.135	3	22406004.193	255	23079740.871	11	20107846.413	29	25142112.218
CARRIER	489594	4	113927849.761	10	117060395.841	12	117743554.024	26	110506904.180	22	121857316.726	20	124166044.156	31	122265135.106	21	126532823.892	255	809850229.851	16	105491153.101	23	114209300.832	3	117744248.012	255	123114547.217	11	107450229.898	29	132122722.679
DOPPLER	489594.000	4	-2969.355	10	-2888.117	12	1777.385	26	-2071.880	22	-2831.376	20	1036.779	31	-2452.332	21	3184.031	255	-3877.568	16	-52.274	23	2146.868	3	-2158.493	255	930.941	11	-525.550	29	-2406.532
CNO	489594	4	41	10	47	12	25	26	49	22	32	20	34	31	42	21	30	255	34	16	38	23	33	3	29	255	45	11	30	29	30
Position	489594000	654593.819999999949	-5210199.530000000261	3608415.490000000224	1008	159	10
Velocity	489594000	0.000000000000	0.010000000000	0.000000000000	20	159	10
RANGE	489595	4	21680314.622	10	21960786.865	12	22041521.925	26	21029167.687	22	23189194.674	20	23219484.672	31	23266748.293	21	23645105.372	255	151234537.417	16	20074321.716	23	21732923.556	3	22406410.783	255	23079566.438	11	20107941.237	29	25142573.671
CARRIER	489595	4	113930819.161	10	117063283.841	12	117741788.971	26	110508975.927	22	121860148.484	20	124165007.562	31	122267587.206	21	126529639.588	255	809854107.810	16	105491205.441	23	114207153.522	3	117746406.406	255	123113616.594	11	107450755.001	29	132125129.945
DOPPLER	489595.000	4	-2968.998	10	-2887.494	12	1777.928	26	-2071.546	22	-2831.618	20	1036.928	31	-2451.732	21	3184.632	255	-3877.731	16	-51.960	23	2147.609	3	-2158.436	255	930.789	11	-524.227	29	-2407.215
CNO	489595	4	41	10	48	12	24	26	49	22	33	20	34	31	42	21	30	255	34	16	38	23	32	3	29	255	45	11	30	29	31
Position	489595000	654593.459999999963	-5210199.019999999553	3608414.910000000149	964	164	9
Velocity	489595000	0.020000000000	0.010000000000	0.000000000000	21	164	9
RANGE	489596	4	21680879.468	10	21961328.537	12	22041187.003	26	21029561.887	22	23189736.940	20	23219290.853	31	23267215.209	21	23644513.687	255	151235261.828	16	20074331.262	23	21732511.853	3	22406813.708	255	23079391.866	11	20108034.247	29	25143037.428
CARRIER	489596	4	113933788.378	10	117066171.287	12	117740000.174	26	110511047.564	22	121862979.889	20	124163971.153	31	122270038.794	21	126526454.920	255	809857985.734	16	105491257.898	23	114205006.042	3	117748564.684	255	123112686.135	11	107451279.907	29	132127537.024
DOPPLER	489596.000	4	-2969.692	10	-2887.724	12	1776.602	26	-2072.321	22	-2831.829	20	1035.808	31	-2451.620	21	3184.024	255	-3878.863	16	-53.214	23	2146.769	3	-2159.149	255	929.638	11	-525.662	29	-2406.666
CNO	489596	4	40	10	46	12	25	26	50	22	34	20	35	31	40	21	28	255	35	16	39	23	33	3	29	255	44	11	31	29	32
Position	489596000	654593.510000000009	-5210199.000000000000	3608414.410000000149	921	159	10
Velocity	489596000	-0.010000000000	0.010000000000	0.010000000000	34	159	10
RANGE	489597	4	21681444.523	10	21961870.384	12	22040853.617	26	21029956.576	22	23190278.595	20	23219096.894	31	23267681.601	21	23643921.322	255	151235986.414	16	20074341.121	23	21732102.697	3	22407225.673	11	20108135.807	29	25143493.804
CARRIER	489597	4	113936758.378	10	117069059.243	12	117738218.769	26	110513120.064	22	121865812.015	20	124162935.926	31	122272490.873	21	126523270.896	255	809861864.615	16	105491311.469	23	114202859.272	3	117750723.861	11	107451805.643	29	132129945.189
DOPPLER	489597.000	4	-2970.266	10	-2888.163	12	1776.619	26	-2072.978	22	-2832.491	20	1034.487	31	-2452.347	21	3183.961	255	-3879.373	16	-53.818	23	2146.750	3	-2159.415	11	-526.432	29	-2409.285
CNO	489597	4	40	10	46	12	26	26	50	22	34	20	36	31	40	21	28	255	35	16	38	23	34	3	29	11	31	29	32
Position	489597000	654593.839999999967	-5210199.209999999963	3608413.970000000205	879	153	12
Velocity	489597000	0.000000000000	0.000000000000	-0.010000000000	25	153	12
RANGE	489598	4	21682009.596	10	21962412.161	26	21030351.178	22	23190816.358	20	23218903.615	31	23268148.429	255	151236711.016	16	20074351.521	23	21731693.053	3	22407641.215	11	20108230.283	29	25143951.523
CARRIER	489598	4	113939728.896	10	117071947.470	26	110515193.152	22	121868644.530	20	124161901.578	31	122274943.210	255	809865744.135	16	105491365.885	23	114200713.066	3	117752883.733	11	107452331.817	29	132132353.933
DOPPLER	489598.000	4	-2970.697	10	-2887.925	26	-2072.911	22	-2832.263	20	1034.456	31	-2452.086	255	-3879.273	16	-54.136	23	2146.735	3	-2159.720	11	-526.338	29	-2408.285
CNO	489598	4	40	10	47	26	49	22	35	20	35	31	42	255	36	16	38	23	33	3	29	11	31	29	31
Position	489598000	654593.459999999963	-5210198.830000000075	3608413.250000000000	840	176	10
Velocity	489598000	-0.010000000000	0.000000000000	0.000000000000	35	176	10
RANGE	489599	4	21682574.687	10	21962953.728	26	21030745.692	22	23191355.587	20	23218710.092	31	23268615.135	255	151237435.689	16	20074361.608	23	21731284.247	3	22408050.126	11	20108330.412	29	25144408.247
CARRIER	489599	4	113942698.970	10	117074834.855	26	110517265.892	22	121871476.458	20	124160867.141	31	122277394.760	255	809869623.345	16	105491420.122	23	114198566.368	3	117755043.193	11	107452857.472	29	132134762.294
DOPPLER	489599.000	4	-2970.188	10	-2887.496	26	-2072.969	22	-2832.500	20	1034.241	31	-2451.696	255	-3879.531	16	-54.184	23	2146.244	3	-2159.548	11	-525.845	29	-2407.707
CNO	489599	4	40	10	47	26	50	22	35	20	34	31	42	255	36	16	38	23	33	3	29	11	33	29	31
Position	489599000	654593.400000000023	-5210198.709999999963	3608412.689999999944	802	167	11
Velocity	489599000	-0.020000000000	0.010000000000	0.030000000000	36	167	11
RANGE	489600	4	21683139.568	10	21963495.139	26	21031140.329	22	23191895.549	20	23218516.621	31	23269081.475	255	151238160.309	16	20074371.484	23	21730875.493	3	22408471.235	11	20108428.395	29	25144865.565
CARRIER	489600	4	113945669.472	10	117077722.358	26	110519339.114	22	121874308.673	20	124159833.431	31	122279846.470	255	809873503.101	16	105491475.114	23	114196420.084	3	117757203.237	11	107453383.570	29	132137171.300
DOPPLER	489600.000	4	-2970.542	10	-2887.599	26	-2073.664	22	-2832.723	20	1033.174	31	-2451.808	255	-3879.557	16	-55.318	23	2145.415	3	-2160.475	11	-526.345	29	-2409.073
CNO	489600	4	40	10	47	26	49	22	35	20	35	31	42	255	35	16	37	23	33	3	30	11	33	29	30
Position	489600000	654593.609999999986	-5210198.830000000075	3608412.189999999944	769	167	11
Velocity	489600000	0.020000000000	0.000000000000	-0.010000000000	38	167	11
RANGE	489601	4	21683704.902	10	21964036.567	26	21031535.070	22	23192435.162	20	23218323.291	31	23269548.320	255	151238885.296	16	20074381.867	23	21730466.757	3	22408876.010	11	20108527.460	29	25145327.944
CARRIER	489601	4	113948640.602	10	117080610.188	26	110521413.027	22	121877141.401	20	124158800.726	31	122282298.527	255	809877383.733	16	105491531.032	23	114194274.393	3	117759364.008	11	107453910.321	29	132139580.994
DOPPLER	489601.000	4	-2971.274	10	-2887.702	26	-2074.075	22	-2832.598	20	1032.593	31	-2451.891	255	-3880.494	16	-56.318	23	2145.165	3	-2161.140	11	-526.334	29	-2408.547
CNO	489601	4	40	10	47	26	50	22	36	20	34	31	41	255	35	16	37	23	31	3	30	11	33	29	31
Position	489601000	654593.709999999963	-5210198.929999999702	3608411.660000000149	738	167	11
Velocity	489601000	-0.010000000000	0.000000000000	-0.010000000000	24	167	11
RANGE	489602	4	21684270.499	10	21964577.872	26	21031929.969	22	23192974.880	20	23218130.239	31	23270014.887	255	151239610.353	16	20074391.988	23	21730058.230	3	22409287.888	11	20108625.425	29	25145782.103
CARRIER	489602	4	113951611.474	10	117083497.430	26	110523486.776	22	121879973.809	20	124157768.158	31	122284750.008	255	809881264.233	16	105491586.978	23	114192128.464	3	117761524.714	11	107454436.748	29	132141990.706
DOPPLER	489602.000	4	-2970.886	10	-2887.261	26	-2073.896	22	-2832.573	20	1031.809	31	-2451.318	255	-3880.545	16	-56.149	23	2144.662	3	-2161.165	11	-526.533	29	-2409.946
CNO	489602	4	40	10	47	26	50	22	37	20	34	31	41	255	35	16	36	23	31	3	30	11	32	29	30
Position	489602000	654593.319999999949	-5210198.599999999627	3608411.040000000037	712	176	10
Velocity	489602000	-0.010000000000	0.000000000000	0.030000000000	35	176	10
RANGE	489603	4	21684835.711	10	21965119.719	26	21032324.605	22	23193514.354	20	23217937.379	31	23270481.593	255	151240335.444	16	20074402.336	23	21729649.249	3	22409697.252	11	20108721.297	29	25146248.338
CARRIER	489603	4	113954582.966	10	117086384.924	26	110525561.187	22	121882806.617	20	124156736.461	31	122287201.805	255	809885145.505	16	105491643.820	23	114189983.065	3	117763685.985	11	107454963.724	29	132144401.037
DOPPLER	489603.000	4	-2972.140	10	-2887.559	26	-2074.896	22	-2832.714	20	1031.376	31	-2452.020	255	-3881.637	16	-57.404	23	2145.161	3	-2161.724	11	-527.260	29	-2411.024
CNO	489603	4	40	10	47	26	50	22	36	20	34	31	41	255	36	16	36	23	30	3	29	11	30	29	30
Position	489603000	654593.329999999958	-5210198.650000000373	3608410.740000000224	694	167	11
Velocity	489603000	-0.010000000000	0.010000000000	0.000000000000	38	167	11
RANGE	489604	4	21685401.552	10	21965661.444	26	21032719.940	22	23194053.583	20	23217744.659	31	23270948.212	255	151241060.693	16	20074413.313	23	21729235.469	3	22410104.558	11	20108812.928	29	25146700.944
CARRIER	489604	4	113957555.423	10	117089273.122	26	110527636.688	22	121885640.328	20	124155706.198	31	122289654.333	255	809889027.935	16	105491701.961	23	114187838.596	3	117765848.502	11	107455491.731	29	132146812.522
DOPPLER	489604.000	4	-2972.774	10	-2888.590	26	-2076.184	22	-2834.015	20	1029.754	31	-2453.034	255	-3883.135	16	-58.460	23	2144.802	3	-2162.727	11	-528.647	29	-2412.147
CNO	489604	4	40	10	47	26	50	22	36	20	35	31	41	255	36	16	36	23	29	3	29	11	31	29	29
Position	489604000	654593.229999999981	-5210198.559999999590	3608410.419999999925	678	167	11
Velocity	489604000	-0.040000000000	0.020000000000	-0.030000000000	24	167	11
RANGE	489605	4	21685967.759	10	21966203.220	26	21033114.926	22	23194593.091	20	23217552.200	31	23271415.459	255	151241786.063	16	20074424.097	23	21728818.619	3	22410514.952	255	23077829.321	11	20108912.429	29	25147163.445
CARRIER	489605	4	113960528.175	10	117092161.247	26	110529712.502	22	121888474.193	20	124154676.580	31	122292106.780	255	809892910.742	16	105491760.695	23	114185694.437	3	117768011.263	255	123104348.581	11	107456019.958	29	132149224.388
DOPPLER	489605.000	4	-2973.234	10	-2888.214	26	-2076.302	22	-2834.249	20	1029.242	31	-2452.665	255	-3883.254	16	-59.157	23	2143.855	3	-2162.836	255	923.119	11	-528.170	29	-2412.440
CNO	489605	4	41	10	47	26	50	22	37	20	35	31	41	255	36	16	36	23	29	3	28	255	44	11	31	29	29
Position	489605000	654593.050000000047	-5210198.459999999963	3608410.049999999814	658	167	11
Velocity	489605000	-0.020000000000	0.020000000000	0.000000000000	33	167	11
RANGE	489606	4	21686534.176	10	21966744.980	12	22037860.189	26	21033510.557	22	23195132.652	20	23217360.091	31	23271882.095	255	151242511.469	16	20074434.951	23	21728412.639	3	22410926.847	255	23077656.215	11	20109012.646	29	25147617.587
CARRIER	489606	4	113963501.440	10	117095049.592	12	117722229.238	26	110531788.930	22	121891308.477	20	124153647.847	31	122294559.477	255	809896794.178	16	105491820.255	23	114183550.752	3	117770174.838	255	123103425.729	11	107456548.676	29	132151636.863
DOPPLER	489606.000	4	-2973.181	10	-2888.377	12	1774.449	26	-2076.625	22	-2834.281	20	1028.422	31	-2452.713	255	-3883.548	16	-60.096	23	2143.711	3	-2164.148	255	922.353	11	-528.717	29	-2412.171
CNO	489606	4	41	10	47	12	23	26	50	22	37	20	35	31	41	255	36	16	36	23	29	3	28	255	43	11	32	29	28
Position	489606000	654592.979999999981	-5210198.400000000373	3608409.709999999963	639	167	11
Velocity	489606000	-0.010000000000	0.010000000000	-0.010000000000	28	167	11
RANGE	489607	4	21687100.174	10	21967286.600	12	22037529.891	26	21033905.839	22	23195671.968	20	23217167.894	31	23272349.045	255	151243237.380	16	20074445.962	23	21728002.385	3	22411338.166	255	23077483.406	11	20109116.492	29	25148076.475
CARRIER	489607	4	113966475.018	10	117097937.921	12	117720464.689	26	110533865.739	22	121894142.910	20	124152619.752	31	122297012.176	255	809900678.146	16	105491880.414	23	114181407.457	3	117772338.656	255	123102503.438	11	107457077.673	29	132154049.833
DOPPLER	489607.000	4	-2973.155	10	-2888.229	12	1773.130	26	-2076.795	22	-2834.196	20	1028.297	31	-2452.380	255	-3884.173	16	-60.359	23	2143.312	3	-2163.935	255	921.671	11	-528.993	29	-2413.418
CNO	489607	4	41	10	47	12	24	26	50	22	37	20	35	31	40	255	36	16	36	23	29	3	29	255	44	11	33	29	28
Position	489607000	654592.959999999963	-5210198.400000000373	3608409.410000000149	621	167	11
Velocity	489607000	-0.020000000000	0.030000000000	0.000000000000	34	167	11
RANGE	489608	4	21687666.329	10	21967828.255	12	22037199.611	26	21034300.912	22	23196211.721	20	23216975.732	31	23272815.769	255	151243963.013	16	20074457.182	23	21727593.160	3	22411746.361	255	23077310.439	11	20109214.667	29	25148535.049
CARRIER	489608	4	113969448.373	10	117100825.679	12	117718699.941	26	110535942.394	22	121896976.990	20	124151591.830	31	122299464.372	255	809904562.016	16	105491940.626	23	114179263.725	3	117774502.381	255	123101581.650	11	107457606.393	29	132156462.641
DOPPLER	489608.000	4	-2973.040	10	-2887.539	12	1774.206	26	-2076.571	22	-2833.843	20	1028.332	31	-2451.873	255	-3884.001	16	-60.690	23	2144.109	3	-2163.241	255	921.486	11	-528.469	29	-2412.485
CNO	489608	4	41	10	47	12	25	26	50	22	37	20	35	31	40	255	36	16	36	23	29	3	28	255	44	11	33	29	28
Position	489608000	654592.949999999953	-5210198.419999999925	3608409.180000000168	605	167	11
Velocity	489608000	-0.020000000000	0.020000000000	0.040000000000	33	167	11
RANGE	489609	4	21688232.030	10	21968369.630	12	22036870.814	26	21034696.055	22	23196750.409	20	23216783.728	31	23273282.074	255	151244688.802	16	20074468.316	23	21727199.395	3	22412153.231	255	23077137.734	11	20109313.243	29	25148990.448
CARRIER	489609	4	113972422.005	10	117103713.413	12	117716944.242	26	110538019.400	22	121899811.253	20	124150564.589	31	122301916.541	255	809908446.374	16	105492001.448	23	114177120.300	3	117776660.070	255	123100660.575	11	107458135.344	29	132158876.077
DOPPLER	489609.000	4	-2973.776	10	-2887.794	12	1772.945	26	-2077.453	22	-2834.435	20	1026.527	31	-2452.811	255	-3884.812	16	-61.430	23	2143.398	3	-2149.640	255	920.354	11	-529.661	29	-2414.578
CNO	489609	4	41	10	45	12	25	26	50	22	36	20	35	31	39	255	37	16	36	23	29	3	16	255	44	11	33	29	26
Position	489609000	654592.750000000000	-5210198.230000000447	3608409.049999999814	595	196	9
Velocity	489609000	0.000000000000	0.000000000000	0.000000000000	39	196	9
RANGE	489610	4	21688797.905	10	21968911.355	12	22036542.087	26	21035091.809	22	23197289.307	20	23216591.950	31	23273748.658	255	151245414.836	16	20074479.466	23	21726787.344	3	22412562.787	255	23076965.431	11	20109414.018	29	25149446.457
CARRIER	489610	4	113975395.867	10	117106601.038	12	117715187.885	26	110540096.700	22	121902645.595	20	124149537.794	31	122304368.694	255	809912331.017	16	105492062.770	23	114174977.218	3	117778811.602	255	123099739.999	11	107458664.520	29	132161232.864
DOPPLER	489610.000	4	-2974.440	10	-2887.910	12	1773.328	26	-2077.579	22	-2834.860	20	1026.139	31	-2452.216	255	-3884.803	16	-61.881	23	2143.390	3	-2165.391	255	920.270	11	-529.497	29	-2421.411
CNO	489610	4	41	10	44	12	27	26	51	22	36	20	35	31	37	255	37	16	35	23	31	3	28	255	44	11	33	29	25
Position	489610000	654592.709999999963	-5210198.219999999739	3608408.930000000168	589	183	10
Velocity	489610000	-0.010000000000	-0.040000000000	0.010000000000	21	183	10
RANGE	489611	4	21689363.694	10	21969452.783	12	22036211.370	26	21035487.475	22	23197828.117	20	23216399.858	31	23274214.770	21	23635589.419	255	151246140.870	16	20074490.792	23	21726378.066	3	22412981.104	255	23076793.040	11	20109515.072	29	25149901.244
CARRIER	489611	4	113978369.870	10	117109488.441	12	117713414.574	26	110542174.221	22	121905479.985	20	124148511.578	31	122306820.652	21	126478785.752	255	809916215.989	16	105492124.574	23	114172834.200	3	117781010.352	255	123098819.901	11	107459193.835	29	132163622.888
DOPPLER	489611.000	4	-2973.290	10	-2886.865	12	1774.438	26	-2077.204	22	-2834.195	20	1026.007	31	-2451.037	21	3183.363	255	-3884.441	16	-61.645	23	2144.494	3	-2164.270	255	920.227	11	-528.402	29	-2414.420
CNO	489611	4	42	10	45	12	28	26	51	22	36	20	36	31	34	21	32	255	37	16	35	23	31	3	30	255	44	11	33	29	25
Position	489611000	654592.709999999963	-5210198.209999999963	3608408.779999999795	581	167	11
Velocity	489611000	-0.020000000000	0.000000000000	0.050000000000	34	167	11
RANGE	489612	4	21689929.377	10	21969993.984	12	22035878.019	26	21035882.879	22	23198367.591	20	23216208.115	31	23274680.953	21	23634990.318	255	151246866.659	16	20074502.117	23	21725982.557	3	22413397.745	255	23076620.650	11	20109614.608	29	25150362.174
CARRIER	489612	4	113981344.019	10	117112375.698	12	117711641.408	26	110544251.940	22	121908314.356	20	124147485.825	31	122309272.406	21	126475602.688	255	809920101.204	16	105492186.748	23	114170691.252	3	117783175.465	255	123097900.361	11	107459723.196	29	132166044.646
DOPPLER	489612.000	4	-2974.557	10	-2887.558	12	1773.326	26	-2078.078	22	-2834.785	20	1024.816	31	-2452.876	21	3181.717	255	-3885.444	16	-62.182	23	2143.156	3	-2166.310	255	919.373	11	-529.587	29	-2414.300
CNO	489612	4	42	10	45	12	26	26	51	22	36	20	34	31	37	21	31	255	36	16	35	23	30	3	30	255	44	11	35	29	25
Position	489612000	654592.750000000000	-5210198.219999999739	3608408.740000000224	572	153	12
Velocity	489612000	0.020000000000	-0.020000000000	0.020000000000	22	153	12
RANGE	489613	4	21690495.585	10	21970535.446	12	22035547.512	26	21036278.371	22	23198907.064	20	23216016.476	31	23275146.926	21	23634400.030	255	151247592.484	16	20074514.000	23	21725563.682	3	22413804.580	255	23076448.119	11	20109714.615	29	25150814.362
CARRIER	489613	4	113984318.606	10	117115263.043	12	117709868.544	26	110546330.187	22	121911149.065	20	124146460.972	31	122311724.282	21	126472421.301	255	809923987.093	16	105492249.700	23	114168548.827	3	117785340.986	255	123096981.643	11	107460252.972	29	132168420.931
DOPPLER	489613.000	4	-2975.420	10	-2887.821	12	1771.484	26	-2078.761	22	-2834.970	20	1023.740	31	-2452.224	21	3184.523	255	-3886.359	16	-63.418	23	2142.098	3	-2166.635	255	918.498	11	-529.252	29	-2404.095
CNO	489613	4	42	10	43	12	25	26	51	22	37	20	34	31	36	21	29	255	33	16	35	23	29	3	29	255	42	11	34	29	24
Position	489613000	654592.780000000028	-5210198.179999999702	3608408.520000000019	563	167	11
Velocity	489613000	0.000000000000	-0.010000000000	0.000000000000	31	167	11
RANGE	489614	4	21691062.019	10	21971076.647	26	21036673.688	22	23199446.730	20	23215824.960	31	23275613.178	21	23633807.857	255	151248318.657	16	20074526.024	23	21725151.316	3	22414216.998	255	23076275.502	11	20109814.483	29	25151275.816
CARRIER	489614	4	113987293.424	10	117118150.336	26	110548408.752	22	121913983.945	20	124145436.685	31	122314176.201	21	126469252.231	255	809927873.394	16	105492313.180	23	114166406.551	3	117787506.939	255	123096063.152	11	107460783.027	29	132170845.601
DOPPLER	489614.000	4	-2974.526	10	-2886.715	26	-2078.307	22	-2835.056	20	1024.086	31	-2451.661	21	3183.198	255	-3886.566	16	-62.854	23	2142.621	3	-2165.916	255	918.561	11	-529.727	29	-2415.079
CNO	489614	4	42	10	42	26	51	22	36	20	36	31	36	21	28	255	33	16	35	23	28	3	29	255	43	11	33	29	26
Position	489614000	654592.699999999953	-5210198.049999999814	3608408.399999999907	559	183	10
Velocity	489614000	0.000000000000	-0.010000000000	0.020000000000	23	183	10
RANGE	489615	4	21691628.331	10	21971618.110	26	21037069.512	22	23199986.343	20	23215633.549	31	23276078.925	21	23633211.303	255	151249045.075	16	20074537.785	23	21724752.369	3	22414634.442	255	23076103.198	11	20109914.386	29	25151737.601
CARRIER	489615	4	113990268.489	10	117121037.516	26	110550487.569	22	121916818.803	20	124144412.922	31	122316627.972	21	126466060.291	255	809931759.962	16	105492377.208	23	114164264.435	3	117789673.083	255	123095145.413	11	107461313.216	29	132173272.977
DOPPLER	489615.000	4	-2975.046	10	-2887.356	26	-2079.229	22	-2835.050	20	1022.178	31	-2452.092	21	3182.720	255	-3886.173	16	-63.904	23	2142.087	3	-2166.919	255	916.893	11	-530.626	29	-2415.338
CNO	489615	4	42	10	42	26	51	22	37	20	36	31	35	21	29	255	36	16	34	23	27	3	29	255	44	11	34	29	26
Position	489615000	654592.619999999995	-5210197.889999999665	3608408.229999999981	553	183	10
Velocity	489615000	-0.010000000000	-0.010000000000	-0.020000000000	26	183	10
RANGE	489616	4	21692194.555	10	21972159.486	12	22034554.245	26	21037465.457	22	23200526.200	20	23215442.277	31	23276544.863	21	23632621.207	255	151249771.440	16	20074550.000	23	21724352.480	3	22415050.874	255	23075931.104	11	20110014.114	29	25152196.280
CARRIER	489616	4	113993243.976	10	117123924.873	12	117704569.018	26	110552566.974	22	121919654.162	20	124143390.082	31	122319080.034	21	126462902.919	255	809935647.192	16	105492442.050	23	114162122.832	3	117791839.961	255	123094228.721	11	107461844.012	29	132175683.091
DOPPLER	489616.000	4	-2975.015	10	-2887.364	12	1772.870	26	-2079.868	22	-2835.330	20	1022.525	31	-2452.579	21	3181.789	255	-3887.343	16	-65.759	23	2141.363	3	-2166.222	255	916.102	11	-531.876	29	-2416.966
CNO	489616	4	43	10	43	12	22	26	51	22	38	20	31	31	35	21	29	255	34	16	34	23	28	3	29	255	42	11	36	29	25
Position	489616000	654592.609999999986	-5210197.790000000037	3608408.000000000000	544	183	10
Velocity	489616000	-0.010000000000	0.010000000000	0.010000000000	39	183	10
RANGE	489617	4	21692760.675	10	21972701.350	12	22034219.533	26	21037861.123	22	23201065.761	20	23215250.935	31	23277011.098	21	23632031.442	255	151250497.666	16	20074562.320	23	21723939.974	3	22415473.728	255	23075759.097	11	20110113.946	29	25152656.634
CARRIER	489617	4	113996219.833	10	117126812.205	12	117702781.244	26	110554646.754	22	121922489.663	20	124142367.869	31	122321531.987	21	126459746.502	255	809939534.904	16	105492507.392	23	114159981.506	3	117794007.219	255	123093312.846	11	107462374.858	29	132178099.590
DOPPLER	489617.000	4	-2975.260	10	-2886.792	12	1772.806	26	-2079.448	22	-2834.887	20	1022.830	31	-2451.299	21	3183.485	255	-3887.409	16	-64.825	23	2141.748	3	-2166.240	255	915.698	11	-530.312	29	-2415.837
CNO	489617	4	41	10	44	12	23	26	51	22	38	20	32	31	36	21	32	255	34	16	35	23	31	3	31	255	43	11	33	29	25
Position	489617000	654592.560000000056	-5210197.650000000373	3608407.819999999832	538	196	9
Velocity	489617000	0.010000000000	-0.010000000000	0.000000000000	43	196	9
RANGE	489618	4	21693326.394	10	21973242.708	26	21038256.545	22	23201605.095	20	23215059.716	31	23277476.827	21	23631440.927	255	151251223.891	16	20074574.797	23	21723532.895	3	22415892.969	255	23075587.056	11	20110213.570	29	25153121.961
CARRIER	489618	4	113999195.126	10	117129698.651	26	110556726.064	22	121925324.473	20	124141345.463	31	122323983.168	21	126456563.450	255	809943422.190	16	105492572.577	23	114157839.634	3	117796174.033	255	123092397.068	11	107462905.264	29	132180515.681
DOPPLER	489618.000	4	-2975.454	10	-2886.578	26	-2079.591	22	-2834.659	20	1022.026	31	-2451.785	21	3182.904	255	-3887.412	16	-66.018	23	2141.250	3	-2167.319	255	915.363	11	-531.123	29	-2416.090
CNO	489618	4	40	10	44	26	51	22	37	20	33	31	35	21	32	255	35	16	35	23	31	3	31	255	43	11	34	29	27
Ephemerides	0	16	-0.000000010710210	496800.000000000000000	0.000027780886739	-0.000000000001023	0.000000000000000	1.239952831595696	0.000000004011953	0.010045530041680	5153.615575790405273	2.392066678274031	0.987370326351973	0.498019558298846	-0.000000007852827	-0.000000000609668	-0.000002423301339	0.000010268762708	197.625000000000000	-52.781250000000000	0.000000152736902	0.000000014901161	496800.000000000000000
Ephemerides	0	23	-0.000000020023435	496800.000000000000000	-0.000217982102185	0.000000000000227	0.000000000000000	-1.002615503894534	0.000000004781985	0.012268008431420	5153.566637039184570	0.202066150486786	0.944148347381018	-2.375504951996292	-0.000000008200342	0.000000000485020	0.000003539025784	0.000010926276445	156.406250000000000	64.343750000000000	0.000000203028321	0.000000275671482	496800.000000000000000
Ephemerides	0	31	-0.000000013504177	496784.000000000000000	0.000128728337586	-0.000000000002615	0.000000000000000	-2.750874841127112	0.000000005023066	0.008763760328293	5153.634618759155273	1.293426005649789	0.963437558603478	-0.133925329688805	-0.000000008327133	0.000000000055717	0.000000620260835	0.000003347173333	319.375000000000000	10.656250000000000	0.000000011175871	-0.000000191852450	496784.000000000000000
Ephemerides	0	22	-0.000000017695129	500400.000000000000000	-0.000356756150723	-0.000000000013074	0.000000000000000	0.201124775870116	0.000000005256648	0.007447612006217	5153.545091629028320	-0.888410890670193	0.924813852992383	-1.577679960203171	-0.000000008540356	-0.000000000453947	-0.000004308298230	0.000008942559361	191.781250000000000	-84.718750000000000	-0.000000091269612	-0.000000271946192	500400.000000000000000
Ephemerides	0	26	0.000000007450581	496800.000000000000000	-0.000183872878551	0.000000000012960	0.000000000000000	2.142719265678348	0.000000004773056	0.002793631865643	5153.640302658081055	2.292783016058713	0.956096681040565	0.098755447847958	-0.000000008157483	-0.000000000481449	-0.000003069639206	0.000009214505553	201.468750000000000	-61.437500000000000	0.000000128522515	-0.000000035390258	496800.000000000000000
Ephemerides	0	4	-0.000000019557774	496800.000000000000000	0.000052554532886	0.000000000003070	0.000000000000000	1.531145321741865	0.000000005473085	0.009813301963732	5153.692232131958008	2.338683745784472	0.979387330157260	0.911379386208267	-0.000000007928902	-0.000000000497878	-0.000003118067980	0.000009935349226	201.875000000000000	-60.406250000000000	0.000000048428774	-0.000000234693289	496800.000000000000000
Position	489618000	654592.689999999944	-5210197.629999999888	3608407.680000000168	534	183	10
Velocity	489618000	0.030000000000	-0.010000000000	0.020000000000	27	183	10
RANGE	489619	4	21693892.601	10	21973784.031	26	21038652.526	22	23202144.499	20	23214868.653	31	23277942.782	21	23630852.592	255	151251950.100	16	20074587.536	23	21723121.157	3	22416311.391	255	23075415.503	11	20110313.228	29	25153584.636
CARRIER	489619	4	114002171.295	10	117132585.670	26	110558806.326	22	121928160.045	20	124140324.306	31	122326434.913	21	126453380.971	255	809947310.545	16	105492638.914	23	114155698.610	3	117798341.361	255	123091482.450	11	107463436.453	29	132182932.858
DOPPLER	489619.000	4	-2976.766	10	-2887.588	26	-2080.898	22	-2836.018	20	1020.491	31	-2452.595	21	3181.777	255	-3889.138	16	-66.948	23	2140.465	3	-2168.425	255	914.104	11	-531.719	29	-2417.668
CNO	489619	4	40	10	44	26	51	22	38	20	33	31	34	21	31	255	35	16	35	23	31	3	31	255	43	11	33	29	27
Position	489619000	654592.810000000056	-5210197.690000000410	3608407.609999999870	530	168	11
Velocity	489619000	0.040000000000	-0.080000000000	-0.040000000000	41	168	11
RANGE	489620	4	21694459.035	10	21974325.512	26	21039048.279	22	23202684.164	20	23214677.469	31	23278408.476	21	23630252.794	255	151252676.605	16	20074600.466	23	21722712.665	3	22416722.343	255	23075244.159	11	20110412.834	29	25154044.362
CARRIER	489620	4	114005148.152	10	117135473.065	26	110560887.345	22	121930996.183	20	124139304.191	31	122328887.108	21	126450198.954	255	809951199.741	16	105492706.261	23	114153558.223	3	117800509.997	255	123090568.675	11	107463968.317	29	132185350.797
DOPPLER	489620.000	4	-2977.300	10	-2887.208	26	-2081.099	22	-2836.094	20	1019.644	31	-2452.666	21	3182.031	255	-3889.227	16	-67.637	23	2140.094	3	-2168.551	255	913.738	11	-531.645	29	-2418.291
CNO	489620	4	40	10	44	26	51	22	38	20	33	31	32	21	32	255	35	16	35	23	32	3	30	255	43	11	32	29	27
Position	489620000	654592.880000000005	-5210197.690000000410	3608407.549999999814	526	168	11
Velocity	489620000	-0.020000000000	-0.010000000000	-0.010000000000	21	168	11
RANGE	489621	4	21695025.382	10	21974866.713	26	21039444.172	22	23203224.143	20	23214486.825	31	23278874.118	21	23629653.797	255	151253402.900	16	20074612.943	23	21722312.218	3	22417130.853	255	23075072.920	11	20110512.160	29	25154504.647
CARRIER	489621	4	114008124.713	10	117138359.861	26	110562968.181	22	121933831.933	20	124138284.149	31	122331338.661	21	126447016.505	255	809955088.826	16	105492773.631	23	114151417.588	3	117802678.559	255	123089654.765	11	107464499.916	29	132187768.546
DOPPLER	489621.000	4	-2975.908	10	-2886.104	26	-2080.451	22	-2835.018	20	1020.450	31	-2450.964	21	3182.985	255	-3888.713	16	-66.987	23	2141.644	3	-2168.968	255	914.230	11	-531.824	29	-2417.356
CNO	489621	4	41	10	44	26	51	22	38	20	32	31	32	21	32	255	36	16	35	23	31	3	30	255	43	11	32	29	27
Position	489621000	654592.750000000000	-5210197.530000000261	3608407.589999999851	523	173	10
Velocity	489621000	0.040000000000	-0.030000000000	0.040000000000	22	173	10
RANGE	489622	4	21695591.956	10	21975408.140	26	21039840.135	22	23203763.844	20	23214296.094	31	23279339.847	21	23629055.744	255	151254129.388	16	20074625.472	23	21721909.310	3	22417537.670	255	23074901.541	11	20110611.522	29	25154967.688
CARRIER	489622	4	114011101.139	10	117141246.152	26	110565048.896	22	121936667.375	20	124137264.269	31	122333789.845	21	126443833.637	255	809958977.840	16	105492841.097	23	114149276.747	3	117804847.008	255	123088741.025	11	107465031.315	29	132190186.292
DOPPLER	489622.000	4	-2977.323	10	-2886.875	26	-2081.606	22	-2836.163	20	1019.683	31	-2452.428	21	3181.755	255	-3889.742	16	-68.666	23	2140.148	3	-2169.769	255	912.771	11	-532.427	29	-2418.630
CNO	489622	4	41	10	44	26	51	22	38	20	32	31	32	21	31	255	36	16	35	23	30	3	30	255	43	11	32	29	26
Position	489622000	654592.709999999963	-5210197.429999999702	3608407.600000000093	520	168	11
Velocity	489622000	0.020000000000	-0.030000000000	0.010000000000	33	168	11
RANGE	489623	4	21696158.529	10	21975949.603	26	21040236.517	22	23204303.893	20	23214105.782	31	23279801.789	21	23628458.667	255	151254856.172	16	20074638.595	23	21721504.761	3	22417945.516	255	23074730.407	11	20110711.180	29	25155430.014
CARRIER	489623	4	114014078.630	10	117144133.223	26	110567130.793	22	121939503.802	20	124136246.003	31	122336241.738	21	126440651.686	255	809962868.097	16	105492909.996	23	114147136.913	3	117807016.577	255	123087828.735	11	107465563.748	29	132192676.227
DOPPLER	489623.000	4	-2977.583	10	-2887.303	26	-2082.342	22	-2836.862	20	1017.067	31	-2452.098	21	3180.986	255	-3890.537	16	-69.386	23	2141.421	3	-2168.970	255	912.098	11	-531.987	29	-2418.492
CNO	489623	4	41	10	44	26	51	22	38	20	31	31	32	21	31	255	36	16	35	23	30	3	31	255	42	11	32	29	25
Position	489623000	654592.660000000033	-5210197.309999999590	3608407.620000000112	518	168	11
Velocity	489623000	-0.020000000000	0.010000000000	-0.010000000000	32	168	11
RANGE	489624	4	21696725.609	10	21976491.014	26	21040632.986	22	23204844.065	20	23213908.682	31	23280264.063	21	23627864.103	255	151255583.183	16	20074651.770	23	21721102.307	3	22418351.548	255	23074559.430	11	20110810.611	29	25155894.993
CARRIER	489624	4	114017056.652	10	117147020.511	26	110569213.281	22	121942340.635	20	124135228.531	31	122338693.860	21	126437470.053	255	809966759.066	16	105492979.719	23	114145162.757	3	117809186.894	255	123086917.169	11	107466096.768	29	132195095.870
DOPPLER	489624.000	4	-2977.613	10	-2886.973	26	-2082.194	22	-2836.676	20	1016.993	31	-2451.168	21	3181.671	255	-3890.545	16	-69.790	23	2139.393	3	-2170.437	255	911.280	11	-532.899	29	-2419.299
CNO	489624	4	41	10	44	26	51	22	39	20	30	31	32	21	31	255	36	16	35	23	30	3	30	255	42	11	32	29	26
Position	489624000	654592.469999999972	-5210197.110000000335	3608407.669999999925	514	173	10
Velocity	489624000	-0.010000000000	0.010000000000	-0.010000000000	17	173	10
RANGE	489625	4	21697292.357	10	21977032.162	26	21041029.228	22	23205384.114	20	23213719.173	31	23280736.318	21	23627268.894	255	151256310.002	16	20074665.032	23	21720693.431	3	22418773.110	255	23074388.313	11	20110910.287	29	25156357.005
CARRIER	489625	4	114020034.389	10	117149907.153	26	110571295.547	22	121945177.021	20	124134211.089	31	122341145.441	21	126434287.882	255	809970649.844	16	105493049.402	23	114143014.115	3	117811356.973	255	123086005.817	11	107466629.322	29	132197515.371
DOPPLER	489625.000	4	-2977.856	10	-2886.502	26	-2082.371	22	-2836.338	20	1017.504	31	-2451.387	21	3182.932	255	-3890.869	16	-69.747	23	2139.649	3	-2170.843	255	910.730	11	-532.286	29	-2419.941
CNO	489625	4	42	10	44	26	51	22	39	20	31	31	32	21	31	255	36	16	35	23	29	3	31	255	42	11	33	29	26
Position	489625000	654592.390000000014	-5210196.959999999963	3608407.709999999963	510	168	11
Velocity	489625000	0.010000000000	-0.010000000000	0.020000000000	21	168	11
RANGE	489626	4	21697859.071	10	21977573.573	26	21041425.505	22	23205924.059	20	23213536.923	31	23281199.866	21	23626673.894	255	151257037.100	16	20074678.486	23	21720286.579	3	22419185.546	255	23074217.458	11	20111010.189	29	25156820.570
CARRIER	489626	4	114023012.868	10	117152794.220	26	110573378.623	22	121948014.032	20	124133194.871	31	122343597.429	21	126431106.404	255	809974541.563	16	105493120.173	23	114140875.323	3	117813527.908	255	123085095.684	11	107467162.693	29	132199935.641
DOPPLER	489626.000	4	-2978.821	10	-2887.064	26	-2083.310	22	-2836.886	20	1015.154	31	-2451.864	21	3180.185	255	-3891.862	16	-71.261	23	2138.805	3	-2171.924	255	909.932	11	-534.467	29	-2420.591
CNO	489626	4	42	10	44	26	51	22	39	20	31	31	31	21	31	255	36	16	35	23	28	3	32	255	42	11	33	29	26
Position	489626000	654592.300000000047	-5210196.809999999590	3608407.779999999795	506	168	11
Velocity	489626000	0.000000000000	0.000000000000	-0.010000000000	21	168	11
RANGE	489627	4	21698426.133	10	21978115.263	26	21041821.886	22	23206464.492	20	23213343.784	31	23281666.031	21	23626078.754	255	151257764.181	16	20074692.254	23	21719878.837	3	22419597.790	11	20111110.232	29	25157281.657
CARRIER	489627	4	114025991.868	10	117155681.498	26	110575462.306	22	121950851.486	20	124132179.531	31	122346049.681	21	126427925.151	255	809978433.965	16	105493191.765	23	114138736.960	3	117815699.484	11	107467696.518	29	132202356.620
DOPPLER	489627.000	4	-2979.197	10	-2887.340	26	-2083.906	22	-2837.836	20	1015.145	31	-2451.690	21	3180.962	255	-3892.808	16	-71.995	23	2138.369	3	-2172.104	11	-534.001	29	-2421.045
CNO	489627	4	42	10	43	26	51	22	39	20	30	31	32	21	32	255	36	16	35	23	28	3	32	11	33	29	26
Position	489627000	654592.199999999953	-5210196.669999999925	3608407.879999999888	502	168	11
Velocity	489627000	-0.020000000000	0.020000000000	-0.010000000000	29	168	11
RANGE	489628	4	21698992.968	10	21978656.795	26	21042218.355	22	23207004.506	20	23213153.349	31	23282131.376	21	23625483.963	255	151258491.157	16	20074705.761	23	21719479.070	3	22420014.781	11	20111210.902	29	25157744.280
CARRIER	489628	4	114028970.814	10	117158568.387	26	110577546.007	22	121953688.731	20	124131164.512	31	122348501.545	21	126424743.578	255	809982326.408	16	105493263.609	23	114136598.476	3	117817871.092	11	107468230.246	29	132204777.712
DOPPLER	489628.000	4	-2978.583	10	-2886.289	26	-2083.199	22	-2836.835	20	1014.894	31	-2450.824	21	3182.055	255	-3891.958	16	-71.587	23	2139.305	3	-2171.722	11	-533.015	29	-2420.312
CNO	489628	4	42	10	43	26	51	22	39	20	29	31	31	21	32	255	36	16	35	23	28	3	33	11	34	29	25
Position	489628000	654592.170000000042	-5210196.580000000075	3608407.950000000186	498	153	12
Velocity	489628000	0.020000000000	-0.010000000000	0.020000000000	21	153	12
RANGE	489629	4	21699559.629	10	21979198.293	26	21042614.859	22	23207544.189	20	23212966.929	31	23282590.107	21	23624888.911	255	151259217.993	16	20074719.250	23	21719073.841	3	22420427.548	11	20111311.014	29	25158203.849
CARRIER	489629	4	114031949.299	10	117161454.474	26	110579629.314	22	121956525.400	20	124130149.275	31	122350952.705	21	126421561.372	255	809986218.527	16	105493335.258	23	114134459.684	3	117820042.385	11	107468763.495	29	132207198.424
DOPPLER	489629.000	4	-2978.847	10	-2886.352	26	-2083.798	22	-2837.080	20	1014.332	31	-2451.234	21	3181.893	255	-3892.032	16	-71.684	23	2138.257	3	-2172.237	11	-533.641	29	-2420.874
CNO	489629	4	42	10	43	26	51	22	39	20	28	31	30	21	32	255	36	16	35	23	27	3	33	11	35	29	26
Position	489629000	654592.219999999972	-5210196.540000000037	3608407.970000000205	494	153	12
Velocity	489629000	0.040000000000	-0.040000000000	0.010000000000	29	153	12
RANGE	489630	4	21700126.447	10	21979739.494	26	21043011.660	22	23208084.343	20	23212775.186	31	23283052.904	21	23624294.015	255	151259945.144	16	20074733.629	23	21718670.183	3	22420836.703	11	20111411.667	29	25158663.452
CARRIER	489630	4	114034928.887	10	117164341.349	26	110581713.777	22	121959363.021	20	124129135.610	31	122353404.666	21	126418380.144	255	809990111.897	16	105493408.321	23	114132321.902	3	117822214.846	11	107469297.786	29	132209620.257
DOPPLER	489630.000	4	-2979.949	10	-2887.046	26	-2084.950	22	-2837.800	20	1012.575	31	-2452.193	21	3180.592	255	-3893.787	16	-73.447	23	2136.923	3	-2173.460	11	-534.703	29	-2421.733
CNO	489630	4	42	10	42	26	51	22	39	20	27	31	29	21	33	255	36	16	35	23	28	3	32	11	35	29	25
Position	489630000	654592.180000000051	-5210196.429999999702	3608408.029999999795	491	153	12
Velocity	489630000	-0.010000000000	0.000000000000	-0.010000000000	23	153	12
RANGE	489631	4	21700693.056	10	21980281.236	26	21043408.373	22	23208624.550	20	23212583.827	31	23283517.726	21	23623699.434	255	151260672.574	16	20074747.920	23	21718264.867	3	22421248.354	11	20111512.860	29	25159122.847
CARRIER	489631	4	114037909.162	10	117167228.590	26	110583799.002	22	121962201.241	20	124128122.874	31	122355856.961	21	126415199.322	255	809994006.116	16	105493482.384	23	114130184.661	3	117824388.118	11	107469832.747	29	132212043.094
DOPPLER	489631.000	4	-2980.486	10	-2887.000	26	-2085.342	22	-2838.163	20	1012.925	31	-2452.332	21	3181.811	255	-3893.929	16	-74.406	23	2136.956	3	-2172.829	11	-534.642	29	-2422.923
CNO	489631	4	41	10	42	26	51	22	39	20	27	31	28	21	33	255	36	16	35	23	28	3	32	11	36	29	25
Position	489631000	654592.130000000005	-5210196.320000000298	3608408.080000000075	487	153	12
Velocity	489631000	-0.020000000000	0.020000000000	-0.010000000000	26	153	12
RANGE	489632	4	21701259.839	10	21980822.699	26	21043804.842	22	23209164.861	20	23212393.305	31	23283982.390	21	23623104.556	255	151261400.195	16	20074762.299	23	21717858.817	3	22421661.994	11	20111613.758	29	25159581.945
CARRIER	489632	4	114040889.121	10	117170115.234	26	110585884.015	22	121965039.038	20	124127110.228	31	122358308.685	21	126412018.053	255	809997900.190	16	105493556.425	23	114128047.243	3	117826561.291	11	107470367.443	29	132214465.675
DOPPLER	489632.000	4	-2980.103	10	-2886.734	26	-2085.226	22	-2838.179	20	1012.856	31	-2451.966	21	3181.625	255	-3894.164	16	-74.110	23	2137.453	3	-2173.887	11	-534.846	29	-2422.491
CNO	489632	4	41	10	42	26	51	22	39	20	27	31	26	21	32	255	36	16	36	23	27	3	31	11	36	29	26
Position	489632000	654592.150000000023	-5210196.269999999553	3608408.080000000075	483	153	12
Velocity	489632000	0.010000000000	-0.010000000000	0.000000000000	30	153	12
RANGE	489633	4	21701826.727	10	21981364.162	26	21044201.782	22	23209705.067	20	23212200.184	31	23284453.162	21	23622509.521	255	151262127.852	16	20074776.766	23	21717450.744	3	22422065.722	11	20111714.271	29	25160044.253
CARRIER	489633	4	114043869.609	10	117173002.070	26	110587969.619	22	121967877.214	20	124126098.593	31	122360760.571	21	126408837.072	255	810001794.968	16	105493631.289	23	114125910.369	3	117828735.000	11	107470902.610	29	132216888.992
DOPPLER	489633.000	4	-2980.285	10	-2886.642	26	-2085.640	22	-2838.133	20	1011.611	31	-2452.495	21	3180.999	255	-3895.199	16	-74.723	23	2136.736	3	-2174.098	11	-535.025	29	-2423.465
CNO	489633	4	42	10	42	26	51	22	39	20	28	31	26	21	33	255	36	16	36	23	28	3	31	11	35	29	27
Position	489633000	654592.099999999977	-5210196.179999999702	3608408.129999999888	480	153	12
Velocity	489633000	0.000000000000	0.000000000000	-0.010000000000	17	153	12
RANGE	489634	4	21702393.981	10	21981905.904	26	21044598.740	22	23210245.518	20	23212007.795	31	23284920.915	21	23621914.643	255	151262855.247	16	20074791.755	23	21717043.997	3	22422484.772	11	20111815.220	29	25160507.469
CARRIER	489634	4	114046850.425	10	117175888.876	26	110590055.580	22	121970715.556	20	124125087.600	31	122363212.434	21	126405656.214	255	810005690.147	16	105493706.801	23	114123773.679	3	117830909.144	11	107471438.011	29	132219312.670
DOPPLER	489634.000	4	-2981.490	10	-2886.861	26	-2086.211	22	-2838.239	20	1010.655	31	-2450.528	21	3179.923	255	-3894.979	16	-76.507	23	2136.384	3	-2174.679	11	-535.618	29	-2424.307
CNO	489634	4	41	10	42	26	50	22	39	20	29	31	32	21	33	255	36	16	36	23	28	3	32	11	35	29	27
Position	489634000	654592.079999999958	-5210196.070000000298	3608408.169999999925	477	156	11
Velocity	489634000	-0.010000000000	0.020000000000	-0.010000000000	28	156	11
RANGE	489635	4	21702961.305	10	21982447.558	26	21044996.116	22	23210786.091	20	23211820.921	31	23285388.389	21	23621319.591	255	151263582.677	16	20074806.606	23	21716634.999	3	22422901.605	11	20111916.135	29	25160969.743	255	23072682.327
CARRIER	489635	4	114049831.593	10	117178775.774	26	110592142.018	22	121973554.121	20	124124077.425	31	122365541.174	21	126402475.508	255	810009585.937	16	105493782.957	23	114121637.386	3	117833083.796	11	107471973.750	29	132221736.862	255	123076892.890
DOPPLER	489635.000	4	-2980.781	10	-2886.375	26	-2085.876	22	-2837.877	20	1010.007	31	-2452.183	21	3181.378	255	-3896.017	16	-75.774	23	2137.190	3	-2174.786	11	-535.280	29	-2424.091	255	904.038
CNO	489635	4	43	10	39	26	50	22	39	20	32	31	26	21	30	255	35	16	36	23	27	3	31	11	37	29	29	255	44
Position	489635000	654592.369999999995	-5210196.190000000410	3608408.029999999795	473	158	10
Velocity	489635000	-0.030000000000	-0.010000000000	0.000000000000	22	158	10
RANGE	489636	4	21703528.734	10	21982989.108	26	21045393.021	22	23211326.349	20	23211634.343	31	23285898.843	21	23620724.678	255	151264309.600	16	20074821.630	23	21716228.845	3	22423321.091	11	20112017.294	29	25161427.759	255	23072515.346
CARRIER	489636	4	114052812.346	10	117181661.879	26	110594228.092	22	121976392.206	20	124123067.093	31	122368223.696	21	126399294.191	255	810013481.371	16	105493858.999	23	114119500.655	3	117835258.096	11	107472509.086	29	132224160.760	255	123075988.955
DOPPLER	489636.000	4	-2981.260	10	-2886.228	26	-2086.410	22	-2838.378	20	1009.788	31	-2452.019	21	3180.640	255	-3896.121	16	-76.324	23	2136.436	3	-2174.814	11	-535.942	29	-2425.091	255	903.466
CNO	489636	4	43	10	39	26	50	22	38	20	34	31	29	21	32	255	34	16	37	23	26	3	32	11	38	29	30	255	46
Position	489636000	654592.989999999991	-5210196.540000000037	3608407.750000000000	466	156	11
Velocity	489636000	0.030000000000	-0.030000000000	0.020000000000	27	156	11
