Determining if the pthread_create exist failed with the following output:
Change Dir: /home/muaz/Desktop/GPS-PVT/ublox/build/CMakeFiles/CMakeTmp

Run Build Command:"/usr/bin/make" "cmTC_7c0ef/fast"
/usr/bin/make -f CMakeFiles/cmTC_7c0ef.dir/build.make CMakeFiles/cmTC_7c0ef.dir/build
make[1]: Entering directory '/home/muaz/Desktop/GPS-PVT/ublox/build/CMakeFiles/CMakeTmp'
Building C object CMakeFiles/cmTC_7c0ef.dir/CheckSymbolExists.c.o
/usr/bin/cc     -o CMakeFiles/cmTC_7c0ef.dir/CheckSymbolExists.c.o   -c /home/muaz/Desktop/GPS-PVT/ublox/build/CMakeFiles/CMakeTmp/CheckSymbolExists.c
Linking C executable cmTC_7c0ef
/usr/bin/cmake -E cmake_link_script CMakeFiles/cmTC_7c0ef.dir/link.txt --verbose=1
/usr/bin/cc       CMakeFiles/cmTC_7c0ef.dir/CheckSymbolExists.c.o  -o cmTC_7c0ef -rdynamic 
CMakeFiles/cmTC_7c0ef.dir/CheckSymbolExists.c.o: In function `main':
CheckSymbolExists.c:(.text+0x16): undefined reference to `pthread_create'
collect2: error: ld returned 1 exit status
CMakeFiles/cmTC_7c0ef.dir/build.make:97: recipe for target 'cmTC_7c0ef' failed
make[1]: *** [cmTC_7c0ef] Error 1
make[1]: Leaving directory '/home/muaz/Desktop/GPS-PVT/ublox/build/CMakeFiles/CMakeTmp'
Makefile:126: recipe for target 'cmTC_7c0ef/fast' failed
make: *** [cmTC_7c0ef/fast] Error 2

File /home/muaz/Desktop/GPS-PVT/ublox/build/CMakeFiles/CMakeTmp/CheckSymbolExists.c:
/* */
#include <pthread.h>

int main(int argc, char** argv)
{
  (void)argv;
#ifndef pthread_create
  return ((int*)(&pthread_create))[argc];
#else
  (void)argc;
  return 0;
#endif
}

Determining if the function pthread_create exists in the pthreads failed with the following output:
Change Dir: /home/muaz/Desktop/GPS-PVT/ublox/build/CMakeFiles/CMakeTmp

Run Build Command:"/usr/bin/make" "cmTC_15936/fast"
/usr/bin/make -f CMakeFiles/cmTC_15936.dir/build.make CMakeFiles/cmTC_15936.dir/build
make[1]: Entering directory '/home/muaz/Desktop/GPS-PVT/ublox/build/CMakeFiles/CMakeTmp'
Building C object CMakeFiles/cmTC_15936.dir/CheckFunctionExists.c.o
/usr/bin/cc    -DCHECK_FUNCTION_EXISTS=pthread_create   -o CMakeFiles/cmTC_15936.dir/CheckFunctionExists.c.o   -c /usr/share/cmake-3.5/Modules/CheckFunctionExists.c
Linking C executable cmTC_15936
/usr/bin/cmake -E cmake_link_script CMakeFiles/cmTC_15936.dir/link.txt --verbose=1
/usr/bin/cc   -DCHECK_FUNCTION_EXISTS=pthread_create    CMakeFiles/cmTC_15936.dir/CheckFunctionExists.c.o  -o cmTC_15936 -rdynamic -lpthreads 
/usr/bin/ld: cannot find -lpthreads
collect2: error: ld returned 1 exit status
CMakeFiles/cmTC_15936.dir/build.make:97: recipe for target 'cmTC_15936' failed
make[1]: *** [cmTC_15936] Error 1
make[1]: Leaving directory '/home/muaz/Desktop/GPS-PVT/ublox/build/CMakeFiles/CMakeTmp'
Makefile:126: recipe for target 'cmTC_15936/fast' failed
make: *** [cmTC_15936/fast] Error 2


